{"numTotalTestSuites":277,"numPassedTestSuites":210,"numFailedTestSuites":67,"numPendingTestSuites":0,"numTotalTests":662,"numPassedTests":583,"numFailedTests":79,"numPendingTests":0,"numTodoTests":0,"snapshot":{"added":0,"failure":false,"filesAdded":0,"filesRemoved":0,"filesRemovedList":[],"filesUnmatched":0,"filesUpdated":0,"matched":0,"total":0,"unchecked":0,"uncheckedKeysByFile":[],"unmatched":0,"updated":0,"didUpdate":false},"startTime":1771435347129,"success":false,"testResults":[{"assertionResults":[],"startTime":1771435347129,"endTime":1771435347129,"status":"failed","message":"Failed to resolve import \"virtual:pwa-register/react\" from \"src/App.tsx\". Does the file exist?","name":"C:/playground/AI/TAURI/todo2/src/App.test.tsx"},{"assertionResults":[{"ancestorTitles":["TodoItem"],"fullName":"TodoItem renders todo text","status":"failed","title":"renders todo text","duration":46.068999999999505,"failureMessages":["TypeError: window.matchMedia is not a function\n    at C:\\playground\\AI\\TAURI\\todo2\\src\\hooks\\useMediaQuery.ts:7:21\n    at mountState (C:\\playground\\AI\\TAURI\\todo2\\node_modules\\react-dom\\cjs\\react-dom.development.js:16167:20)\n    at Object.useState (C:\\playground\\AI\\TAURI\\todo2\\node_modules\\react-dom\\cjs\\react-dom.development.js:16880:16)\n    at useState (C:\\playground\\AI\\TAURI\\todo2\\node_modules\\react\\cjs\\react.development.js:1622:21)\n    at useMediaQuery (C:\\playground\\AI\\TAURI\\todo2\\src\\hooks\\useMediaQuery.ts:4:33)\n    at C:\\playground\\AI\\TAURI\\todo2\\src\\components\\TodoItem.tsx:47:22\n    at renderWithHooks (C:\\playground\\AI\\TAURI\\todo2\\node_modules\\react-dom\\cjs\\react-dom.development.js:15486:18)\n    at updateForwardRef (C:\\playground\\AI\\TAURI\\todo2\\node_modules\\react-dom\\cjs\\react-dom.development.js:19245:20)\n    at beginWork (C:\\playground\\AI\\TAURI\\todo2\\node_modules\\react-dom\\cjs\\react-dom.development.js:21675:16)\n    at beginWork$1 (C:\\playground\\AI\\TAURI\\todo2\\node_modules\\react-dom\\cjs\\react-dom.development.js:27465:14)"],"meta":{}},{"ancestorTitles":["TodoItem"],"fullName":"TodoItem calls onToggle when checkbox is clicked","status":"failed","title":"calls onToggle when checkbox is clicked","duration":6.783900000000358,"failureMessages":["TypeError: window.matchMedia is not a function\n    at C:\\playground\\AI\\TAURI\\todo2\\src\\hooks\\useMediaQuery.ts:7:21\n    at mountState (C:\\playground\\AI\\TAURI\\todo2\\node_modules\\react-dom\\cjs\\react-dom.development.js:16167:20)\n    at Object.useState (C:\\playground\\AI\\TAURI\\todo2\\node_modules\\react-dom\\cjs\\react-dom.development.js:16880:16)\n    at useState (C:\\playground\\AI\\TAURI\\todo2\\node_modules\\react\\cjs\\react.development.js:1622:21)\n    at useMediaQuery (C:\\playground\\AI\\TAURI\\todo2\\src\\hooks\\useMediaQuery.ts:4:33)\n    at C:\\playground\\AI\\TAURI\\todo2\\src\\components\\TodoItem.tsx:47:22\n    at renderWithHooks (C:\\playground\\AI\\TAURI\\todo2\\node_modules\\react-dom\\cjs\\react-dom.development.js:15486:18)\n    at updateForwardRef (C:\\playground\\AI\\TAURI\\todo2\\node_modules\\react-dom\\cjs\\react-dom.development.js:19245:20)\n    at beginWork (C:\\playground\\AI\\TAURI\\todo2\\node_modules\\react-dom\\cjs\\react-dom.development.js:21675:16)\n    at beginWork$1 (C:\\playground\\AI\\TAURI\\todo2\\node_modules\\react-dom\\cjs\\react-dom.development.js:27465:14)"],"meta":{}},{"ancestorTitles":["TodoItem"],"fullName":"TodoItem calls onDelete when delete button is clicked","status":"failed","title":"calls onDelete when delete button is clicked","duration":6.301100000000588,"failureMessages":["TypeError: window.matchMedia is not a function\n    at C:\\playground\\AI\\TAURI\\todo2\\src\\hooks\\useMediaQuery.ts:7:21\n    at mountState (C:\\playground\\AI\\TAURI\\todo2\\node_modules\\react-dom\\cjs\\react-dom.development.js:16167:20)\n    at Object.useState (C:\\playground\\AI\\TAURI\\todo2\\node_modules\\react-dom\\cjs\\react-dom.development.js:16880:16)\n    at useState (C:\\playground\\AI\\TAURI\\todo2\\node_modules\\react\\cjs\\react.development.js:1622:21)\n    at useMediaQuery (C:\\playground\\AI\\TAURI\\todo2\\src\\hooks\\useMediaQuery.ts:4:33)\n    at C:\\playground\\AI\\TAURI\\todo2\\src\\components\\TodoItem.tsx:47:22\n    at renderWithHooks (C:\\playground\\AI\\TAURI\\todo2\\node_modules\\react-dom\\cjs\\react-dom.development.js:15486:18)\n    at updateForwardRef (C:\\playground\\AI\\TAURI\\todo2\\node_modules\\react-dom\\cjs\\react-dom.development.js:19245:20)\n    at beginWork (C:\\playground\\AI\\TAURI\\todo2\\node_modules\\react-dom\\cjs\\react-dom.development.js:21675:16)\n    at beginWork$1 (C:\\playground\\AI\\TAURI\\todo2\\node_modules\\react-dom\\cjs\\react-dom.development.js:27465:14)"],"meta":{}},{"ancestorTitles":["TodoItem"],"fullName":"TodoItem calls onOpenEditDialog when edit button is clicked","status":"failed","title":"calls onOpenEditDialog when edit button is clicked","duration":4.3828999999996086,"failureMessages":["TypeError: window.matchMedia is not a function\n    at C:\\playground\\AI\\TAURI\\todo2\\src\\hooks\\useMediaQuery.ts:7:21\n    at mountState (C:\\playground\\AI\\TAURI\\todo2\\node_modules\\react-dom\\cjs\\react-dom.development.js:16167:20)\n    at Object.useState (C:\\playground\\AI\\TAURI\\todo2\\node_modules\\react-dom\\cjs\\react-dom.development.js:16880:16)\n    at useState (C:\\playground\\AI\\TAURI\\todo2\\node_modules\\react\\cjs\\react.development.js:1622:21)\n    at useMediaQuery (C:\\playground\\AI\\TAURI\\todo2\\src\\hooks\\useMediaQuery.ts:4:33)\n    at C:\\playground\\AI\\TAURI\\todo2\\src\\components\\TodoItem.tsx:47:22\n    at renderWithHooks (C:\\playground\\AI\\TAURI\\todo2\\node_modules\\react-dom\\cjs\\react-dom.development.js:15486:18)\n    at updateForwardRef (C:\\playground\\AI\\TAURI\\todo2\\node_modules\\react-dom\\cjs\\react-dom.development.js:19245:20)\n    at beginWork (C:\\playground\\AI\\TAURI\\todo2\\node_modules\\react-dom\\cjs\\react-dom.development.js:21675:16)\n    at beginWork$1 (C:\\playground\\AI\\TAURI\\todo2\\node_modules\\react-dom\\cjs\\react-dom.development.js:27465:14)"],"meta":{}}],"startTime":1771435369048,"endTime":1771435369112.3828,"status":"failed","message":"","name":"C:/playground/AI/TAURI/todo2/src/components/TodoItem.test.tsx"},{"assertionResults":[{"ancestorTitles":["IndexedDB Manager Functional"],"fullName":"IndexedDB Manager Functional should save and retrieve lists","status":"passed","title":"should save and retrieve lists","duration":16.034200000000055,"failureMessages":[],"meta":{}},{"ancestorTitles":["IndexedDB Manager Functional"],"fullName":"IndexedDB Manager Functional should save and retrieve todos","status":"passed","title":"should save and retrieve todos","duration":3.3198999999999614,"failureMessages":[],"meta":{}},{"ancestorTitles":["IndexedDB Manager Functional"],"fullName":"IndexedDB Manager Functional should manage the sync queue","status":"passed","title":"should manage the sync queue","duration":4.596499999999651,"failureMessages":[],"meta":{}}],"startTime":1771435368149,"endTime":1771435368172.5964,"status":"passed","message":"","name":"C:/playground/AI/TAURI/todo2/src/__tests__/indexedDB.functional.test.ts"},{"assertionResults":[{"ancestorTitles":["Service Worker Sync Logic"],"fullName":"Service Worker Sync Logic should successfully sync operations and remove them from queue","status":"passed","title":"should successfully sync operations and remove them from queue","duration":9.46389999999974,"failureMessages":[],"meta":{}}],"startTime":1771435368028,"endTime":1771435368037.4639,"status":"passed","message":"","name":"C:/playground/AI/TAURI/todo2/src/__tests__/serviceWorker.sync.test.ts"},{"assertionResults":[{"ancestorTitles":["TodoStore Sync Integration"],"fullName":"TodoStore Sync Integration should call supabase when online during addTodo","status":"passed","title":"should call supabase when online during addTodo","duration":10.232500000000073,"failureMessages":[],"meta":{}},{"ancestorTitles":["TodoStore Sync Integration"],"fullName":"TodoStore Sync Integration should queue to IndexedDB when offline during addTodo","status":"passed","title":"should queue to IndexedDB when offline during addTodo","duration":7.028699999999844,"failureMessages":[],"meta":{}},{"ancestorTitles":["TodoStore Sync Integration"],"fullName":"TodoStore Sync Integration should sync pending operations when syncPendingOperations is called online","status":"passed","title":"should sync pending operations when syncPendingOperations is called online","duration":6.376599999999598,"failureMessages":[],"meta":{}},{"ancestorTitles":["TodoStore Sync Integration"],"fullName":"TodoStore Sync Integration should not sync when offline","status":"passed","title":"should not sync when offline","duration":0.8415999999997439,"failureMessages":[],"meta":{}}],"startTime":1771435366573,"endTime":1771435366598.8416,"status":"passed","message":"","name":"C:/playground/AI/TAURI/todo2/src/__tests__/todoStore.sync.test.ts"},{"assertionResults":[{"ancestorTitles":["SecurityConfigManager","Singleton Pattern"],"fullName":"SecurityConfigManager Singleton Pattern should return the same instance","status":"passed","title":"should return the same instance","duration":4.888500000000022,"failureMessages":[],"meta":{}},{"ancestorTitles":["SecurityConfigManager","Singleton Pattern"],"fullName":"SecurityConfigManager Singleton Pattern should export a singleton instance","status":"passed","title":"should export a singleton instance","duration":1.3881000000001222,"failureMessages":[],"meta":{}},{"ancestorTitles":["SecurityConfigManager","Environment Detection"],"fullName":"SecurityConfigManager Environment Detection should detect test environment","status":"passed","title":"should detect test environment","duration":1.054399999999987,"failureMessages":[],"meta":{}},{"ancestorTitles":["SecurityConfigManager","Environment Detection"],"fullName":"SecurityConfigManager Environment Detection should detect development environment","status":"passed","title":"should detect development environment","duration":1.5532000000002881,"failureMessages":[],"meta":{}},{"ancestorTitles":["SecurityConfigManager","Environment Detection"],"fullName":"SecurityConfigManager Environment Detection should have production configuration values available","status":"passed","title":"should have production configuration values available","duration":0.9399999999995998,"failureMessages":[],"meta":{}},{"ancestorTitles":["SecurityConfigManager","Configuration Access"],"fullName":"SecurityConfigManager Configuration Access should return complete configuration","status":"passed","title":"should return complete configuration","duration":1.2505999999993946,"failureMessages":[],"meta":{}},{"ancestorTitles":["SecurityConfigManager","Configuration Access"],"fullName":"SecurityConfigManager Configuration Access should return rate limit configuration","status":"passed","title":"should return rate limit configuration","duration":1.293800000000374,"failureMessages":[],"meta":{}},{"ancestorTitles":["SecurityConfigManager","Configuration Access"],"fullName":"SecurityConfigManager Configuration Access should return error handling configuration","status":"passed","title":"should return error handling configuration","duration":3.1765999999997803,"failureMessages":[],"meta":{}},{"ancestorTitles":["SecurityConfigManager","Configuration Access"],"fullName":"SecurityConfigManager Configuration Access should return monitoring configuration","status":"passed","title":"should return monitoring configuration","duration":1.4638000000004467,"failureMessages":[],"meta":{}},{"ancestorTitles":["SecurityConfigManager","Configuration Access"],"fullName":"SecurityConfigManager Configuration Access should return storage configuration","status":"passed","title":"should return storage configuration","duration":1.2470000000002983,"failureMessages":[],"meta":{}},{"ancestorTitles":["SecurityConfigManager","Configuration Updates"],"fullName":"SecurityConfigManager Configuration Updates should update configuration with partial overrides","status":"passed","title":"should update configuration with partial overrides","duration":2.5102999999999156,"failureMessages":[],"meta":{}},{"ancestorTitles":["SecurityConfigManager","Configuration Updates"],"fullName":"SecurityConfigManager Configuration Updates should merge nested configuration objects","status":"passed","title":"should merge nested configuration objects","duration":0.7143999999998414,"failureMessages":[],"meta":{}},{"ancestorTitles":["SecurityConfigManager","Configuration Updates"],"fullName":"SecurityConfigManager Configuration Updates should preserve custom overrides across multiple updates","status":"passed","title":"should preserve custom overrides across multiple updates","duration":0.5469000000002779,"failureMessages":[],"meta":{}},{"ancestorTitles":["SecurityConfigManager","Security Level Presets"],"fullName":"SecurityConfigManager Security Level Presets should have all security level presets defined","status":"passed","title":"should have all security level presets defined","duration":1.662199999999757,"failureMessages":[],"meta":{}},{"ancestorTitles":["SecurityConfigManager","Security Level Presets"],"fullName":"SecurityConfigManager Security Level Presets should apply lenient security level","status":"passed","title":"should apply lenient security level","duration":0.8260999999993146,"failureMessages":[],"meta":{}},{"ancestorTitles":["SecurityConfigManager","Security Level Presets"],"fullName":"SecurityConfigManager Security Level Presets should apply moderate security level","status":"passed","title":"should apply moderate security level","duration":0.6913000000004104,"failureMessages":[],"meta":{}},{"ancestorTitles":["SecurityConfigManager","Security Level Presets"],"fullName":"SecurityConfigManager Security Level Presets should apply strict security level","status":"passed","title":"should apply strict security level","duration":0.6457000000000335,"failureMessages":[],"meta":{}},{"ancestorTitles":["SecurityConfigManager","Security Level Presets"],"fullName":"SecurityConfigManager Security Level Presets should throw error for invalid security level","status":"passed","title":"should throw error for invalid security level","duration":2.6314000000002125,"failureMessages":[],"meta":{}},{"ancestorTitles":["SecurityConfigManager","Configuration Reset"],"fullName":"SecurityConfigManager Configuration Reset should reset to default configuration","status":"passed","title":"should reset to default configuration","duration":1.131199999999808,"failureMessages":[],"meta":{}},{"ancestorTitles":["SecurityConfigManager","Configuration Validation"],"fullName":"SecurityConfigManager Configuration Validation should validate valid configuration","status":"passed","title":"should validate valid configuration","duration":1.2838999999994485,"failureMessages":[],"meta":{}},{"ancestorTitles":["SecurityConfigManager","Configuration Validation"],"fullName":"SecurityConfigManager Configuration Validation should validate rate limit configuration","status":"passed","title":"should validate rate limit configuration","duration":1.3958999999995285,"failureMessages":[],"meta":{}},{"ancestorTitles":["SecurityConfigManager","Configuration Validation"],"fullName":"SecurityConfigManager Configuration Validation should validate error handling configuration","status":"passed","title":"should validate error handling configuration","duration":0.811200000000099,"failureMessages":[],"meta":{}},{"ancestorTitles":["SecurityConfigManager","Configuration Validation"],"fullName":"SecurityConfigManager Configuration Validation should validate monitoring configuration","status":"passed","title":"should validate monitoring configuration","duration":1.7120000000004438,"failureMessages":[],"meta":{}},{"ancestorTitles":["SecurityConfigManager","Configuration Validation"],"fullName":"SecurityConfigManager Configuration Validation should validate extreme values","status":"passed","title":"should validate extreme values","duration":1.345299999999952,"failureMessages":[],"meta":{}},{"ancestorTitles":["SecurityConfigManager","Configuration Summary"],"fullName":"SecurityConfigManager Configuration Summary should provide configuration summary","status":"passed","title":"should provide configuration summary","duration":1.5369000000000597,"failureMessages":[],"meta":{}},{"ancestorTitles":["SecurityConfigManager","Configuration Summary"],"fullName":"SecurityConfigManager Configuration Summary should indicate custom overrides in summary","status":"passed","title":"should indicate custom overrides in summary","duration":0.7581000000000131,"failureMessages":[],"meta":{}},{"ancestorTitles":["SecurityConfigManager","Type Safety"],"fullName":"SecurityConfigManager Type Safety should maintain type safety for configuration objects","status":"passed","title":"should maintain type safety for configuration objects","duration":1.125,"failureMessages":[],"meta":{}},{"ancestorTitles":["SecurityConfigManager","Type Safety"],"fullName":"SecurityConfigManager Type Safety should handle partial configuration updates safely","status":"passed","title":"should handle partial configuration updates safely","duration":0.9304000000001906,"failureMessages":[],"meta":{}},{"ancestorTitles":["SecurityConfigManager","Feature Toggles"],"fullName":"SecurityConfigManager Feature Toggles should check if features are enabled","status":"passed","title":"should check if features are enabled","duration":0.7509999999992942,"failureMessages":[],"meta":{}},{"ancestorTitles":["SecurityConfigManager","Feature Toggles"],"fullName":"SecurityConfigManager Feature Toggles should enable features","status":"passed","title":"should enable features","duration":0.514100000000326,"failureMessages":[],"meta":{}},{"ancestorTitles":["SecurityConfigManager","Feature Toggles"],"fullName":"SecurityConfigManager Feature Toggles should disable features","status":"passed","title":"should disable features","duration":0.4508000000005268,"failureMessages":[],"meta":{}},{"ancestorTitles":["SecurityConfigManager","Feature Toggles"],"fullName":"SecurityConfigManager Feature Toggles should toggle features","status":"passed","title":"should toggle features","duration":0.595299999999952,"failureMessages":[],"meta":{}},{"ancestorTitles":["SecurityConfigManager","Feature Toggles"],"fullName":"SecurityConfigManager Feature Toggles should return feature toggles configuration","status":"passed","title":"should return feature toggles configuration","duration":2.2336999999997715,"failureMessages":[],"meta":{}},{"ancestorTitles":["SecurityConfigManager","Message Customization"],"fullName":"SecurityConfigManager Message Customization should get customizable messages","status":"passed","title":"should get customizable messages","duration":2.267800000000534,"failureMessages":[],"meta":{}},{"ancestorTitles":["SecurityConfigManager","Message Customization"],"fullName":"SecurityConfigManager Message Customization should update individual messages","status":"passed","title":"should update individual messages","duration":0.618199999999888,"failureMessages":[],"meta":{}},{"ancestorTitles":["SecurityConfigManager","Message Customization"],"fullName":"SecurityConfigManager Message Customization should update multiple messages","status":"passed","title":"should update multiple messages","duration":0.7035000000005311,"failureMessages":[],"meta":{}},{"ancestorTitles":["SecurityConfigManager","Message Customization"],"fullName":"SecurityConfigManager Message Customization should get individual messages","status":"passed","title":"should get individual messages","duration":0.48250000000007276,"failureMessages":[],"meta":{}},{"ancestorTitles":["SecurityConfigManager","Timing Parameters"],"fullName":"SecurityConfigManager Timing Parameters should get timing parameters","status":"passed","title":"should get timing parameters","duration":1.4750999999996566,"failureMessages":[],"meta":{}},{"ancestorTitles":["SecurityConfigManager","Timing Parameters"],"fullName":"SecurityConfigManager Timing Parameters should update individual timing parameters","status":"passed","title":"should update individual timing parameters","duration":0.6159999999999854,"failureMessages":[],"meta":{}},{"ancestorTitles":["SecurityConfigManager","Timing Parameters"],"fullName":"SecurityConfigManager Timing Parameters should update multiple timing parameters","status":"passed","title":"should update multiple timing parameters","duration":0.654500000000553,"failureMessages":[],"meta":{}},{"ancestorTitles":["SecurityConfigManager","Timing Parameters"],"fullName":"SecurityConfigManager Timing Parameters should get individual timing parameters","status":"passed","title":"should get individual timing parameters","duration":0.49949999999989814,"failureMessages":[],"meta":{}},{"ancestorTitles":["SecurityConfigManager","Enhanced Configuration Validation"],"fullName":"SecurityConfigManager Enhanced Configuration Validation should validate timing parameters","status":"passed","title":"should validate timing parameters","duration":1.122599999999693,"failureMessages":[],"meta":{}},{"ancestorTitles":["SecurityConfigManager","Enhanced Configuration Validation"],"fullName":"SecurityConfigManager Enhanced Configuration Validation should validate message lengths","status":"passed","title":"should validate message lengths","duration":0.8769000000002052,"failureMessages":[],"meta":{}},{"ancestorTitles":["SecurityConfigManager","Enhanced Configuration Summary"],"fullName":"SecurityConfigManager Enhanced Configuration Summary should include enabled features in summary","status":"passed","title":"should include enabled features in summary","duration":0.9045999999998457,"failureMessages":[],"meta":{}},{"ancestorTitles":["Security Level Presets"],"fullName":"Security Level Presets should have consistent structure across all presets","status":"passed","title":"should have consistent structure across all presets","duration":38.462900000000445,"failureMessages":[],"meta":{}},{"ancestorTitles":["Security Level Presets"],"fullName":"Security Level Presets should have different configurations for different security levels","status":"passed","title":"should have different configurations for different security levels","duration":1.3343999999997322,"failureMessages":[],"meta":{}}],"startTime":1771435352457,"endTime":1771435352557.3345,"status":"passed","message":"","name":"C:/playground/AI/TAURI/todo2/src/config/__tests__/securityConfig.test.ts"},{"assertionResults":[{"ancestorTitles":["LoginForm E2E Integration Tests","Complete Authentication Security Flow"],"fullName":"LoginForm E2E Integration Tests Complete Authentication Security Flow should handle complete successful authentication with all security features","status":"passed","title":"should handle complete successful authentication with all security features","duration":704.25,"failureMessages":[],"meta":{}},{"ancestorTitles":["LoginForm E2E Integration Tests","Complete Authentication Security Flow"],"fullName":"LoginForm E2E Integration Tests Complete Authentication Security Flow should handle failed authentication attempts with security measures","status":"failed","title":"should handle failed authentication attempts with security measures","duration":1337.8436000000002,"failureMessages":["Error: Unable to find an element with the text: /invalid credentials/i. This could be because the text is broken up by multiple elements. In this case, you can provide a function for your text matcher to make your matcher more flexible.\n\nIgnored nodes: comments, script, style\n\u001b[36m<body>\u001b[39m\n  \u001b[36m<div>\u001b[39m\n    \u001b[36m<div\u001b[39m\n      \u001b[33mclass\u001b[39m=\u001b[32m\"min-h-screen flex items-center justify-center bg-gradient-to-br from-purple-50 dark:from-gray-900 to-blue-50 dark:to-gray-800\"\u001b[39m\n    \u001b[36m>\u001b[39m\n      \u001b[36m<div\u001b[39m\n        \u001b[33mclass\u001b[39m=\u001b[32m\"bg-white dark:bg-gray-800 p-8 rounded-lg shadow-lg w-full max-w-md\"\u001b[39m\n      \u001b[36m>\u001b[39m\n        \u001b[36m<h2\u001b[39m\n          \u001b[33mclass\u001b[39m=\u001b[32m\"text-2xl font-bold mb-6 text-gray-900 dark:text-white\"\u001b[39m\n        \u001b[36m>\u001b[39m\n          \u001b[0mSign In\u001b[0m\n        \u001b[36m</h2>\u001b[39m\n        \u001b[36m<div\u001b[39m\n          \u001b[33mclass\u001b[39m=\u001b[32m\"mb-4 p-3 bg-red-50 dark:bg-red-900/50 border border-red-200 dark:border-red-800 rounded text-red-600 dark:text-red-400 text-sm\"\u001b[39m\n        \u001b[36m>\u001b[39m\n          \u001b[0mAuthentication failed. Please check your credentials and try again.\u001b[0m\n        \u001b[36m</div>\u001b[39m\n        \u001b[36m<div\u001b[39m\n          \u001b[33mclass\u001b[39m=\u001b[32m\"mb-4 p-3 bg-orange-50 dark:bg-orange-900/50 border border-orange-200 dark:border-orange-800 rounded text-orange-700 dark:text-orange-400 text-sm\"\u001b[39m\n        \u001b[36m>\u001b[39m\n          \u001b[0m4\u001b[0m\n          \u001b[0m attempt\u001b[0m\n          \u001b[0ms\u001b[0m\n          \u001b[0m remaining before temporary lockout\u001b[0m\n        \u001b[36m</div>\u001b[39m\n        \u001b[36m<form\u001b[39m\n          \u001b[33mclass\u001b[39m=\u001b[32m\"space-y-4\"\u001b[39m\n          \u001b[33mrole\u001b[39m=\u001b[32m\"form\"\u001b[39m\n        \u001b[36m>\u001b[39m\n          \u001b[36m<div>\u001b[39m\n            \u001b[36m<label\u001b[39m\n              \u001b[33mclass\u001b[39m=\u001b[32m\"block text-sm font-medium text-gray-700 dark:text-gray-300 mb-1\"\u001b[39m\n              \u001b[33mfor\u001b[39m=\u001b[32m\"email\"\u001b[39m\n            \u001b[36m>\u001b[39m\n              \u001b[0mEmail\u001b[0m\n            \u001b[36m</label>\u001b[39m\n            \u001b[36m<input\u001b[39m\n              \u001b[33mclass\u001b[39m=\u001b[32m\"w-full px-3 py-2 border border-gray-300 dark:border-gray-600 rounded-md shadow-sm dark:bg-gray-700 dark:text-white focus:outline-none focus:ring-2 focus:ring-purple-500\"\u001b[39m\n              \u001b[33mid\u001b[39m=\u001b[32m\"email\"\u001b[39m\n              \u001b[33mrequired\u001b[39m=\u001b[32m\"\"\u001b[39m\n              \u001b[33mtype\u001b[39m=\u001b[32m\"email\"\u001b[39m\n              \u001b[33mvalue\u001b[39m=\u001b[32m\"test@example.com\"\u001b[39m\n            \u001b[36m/>\u001b[39m\n          \u001b[36m</div>\u001b[39m\n          \u001b[36m<div>\u001b[39m\n            \u001b[36m<label\u001b[39m\n              \u001b[33mclass\u001b[39m=\u001b[32m\"block text-sm font-medium text-gray-700 dark:text-gray-300 mb-1\"\u001b[39m\n              \u001b[33mfor\u001b[39m=\u001b[32m\"password\"\u001b[39m\n            \u001b[36m>\u001b[39m\n              \u001b[0mPassword\u001b[0m\n            \u001b[36m</label>\u001b[39m\n            \u001b[36m<input\u001b[39m\n              \u001b[33mclass\u001b[39m=\u001b[32m\"w-full px-3 py-2 border border-gray-300 dark:border-gray-600 rounded-md shadow-sm dark:bg-gray-700 dark:text-white focus:outline-none focus:ring-2 focus:ring-purple-500\"\u001b[39m\n              \u001b[33mid\u001b[39m=\u001b[32m\"password\"\u001b[39m\n              \u001b[33mrequired\u001b[39m=\u001b[32m\"\"\u001b[39m\n              \u001b[33mtype\u001b[39m=\u001b[32m\"password\"\u001b[39m\n              \u001b[33mvalue\u001b[39m=\u001b[32m\"wrongpassword\"\u001b[39m\n            \u001b[36m/>\u001b[39m\n          \u001b[36m</div>\u001b[39m\n          \u001b[36m<button\u001b[39m\n            \u001b[33mclass\u001b[39m=\u001b[32m\"w-full py-2 px-4 bg-purple-600 hover:bg-purple-700 disabled:bg-purple-400 text-white rounded-md focus:outline-none focus:ring-2 focus:ring-purple-500 focus:ring-offset-2 disabled:cursor-not-allowed transition-colors\"\u001b[39m\n            \u001b[33mtype\u001b[39m=\u001b[32m\"submit\"\u001b[39m\n          \u001b[36m>\u001b[39m\n            \u001b[0mSign In\u001b[0m\n          \u001b[36m</button>\u001b[39m\n        \u001b[36m</form>\u001b[39m\n        \u001b[36m<div\u001b[39m\n          \u001b[33mclass\u001b[39m=\u001b[32m\"mt-4 text-center text-sm text-gray-600 dark:text-gray-400\"\u001b[39m\n        \u001b[36m>\u001b[39m\n          \u001b[36m<p>\u001b[39m\n            \u001b[0mDemo credentials:\u001b[0m\n          \u001b[36m</p>\u001b[39m\n          \u001b[36m<p\u001b[39m\n            \u001b[33mclass\u001b[39m=\u001b[32m\"font-mono text-xs\"\u001b[39m\n          \u001b[36m>\u001b[39m\n            \u001b[0mEmail: demo@example.com\u001b[0m\n            \u001b[36m<br />\u001b[39m\n            \u001b[0mPassword: demo123\u001b[0m\n          \u001b[36m</p>\u001b[39m\n        \u001b[36m</div>\u001b[39m\n      \u001b[36m</div>\u001b[39m\n    \u001b[36m</div>\u001b[39m\n  \u001b[36m</div>\u001b[39m\n\u001b[36m</body>\u001b[39m\n    at Proxy.waitForWrapper (C:\\playground\\AI\\TAURI\\todo2\\node_modules\\@testing-library\\dom\\dist\\wait-for.js:163:27)\n    at C:\\playground\\AI\\TAURI\\todo2\\src\\components\\__tests__\\LoginForm.e2e.integration.test.tsx:257:13\n    at file:///C:/playground/AI/TAURI/todo2/node_modules/@vitest/runner/dist/index.js:558:22"],"meta":{}},{"ancestorTitles":["LoginForm E2E Integration Tests","Complete Authentication Security Flow"],"fullName":"LoginForm E2E Integration Tests Complete Authentication Security Flow should handle successful authentication after failed attempt","status":"failed","title":"should handle successful authentication after failed attempt","duration":1102.7455,"failureMessages":["AssertionError: expected \"spy\" to be called 2 times, but got 1 times\n\nIgnored nodes: comments, script, style\n\u001b[36m<html>\u001b[39m\n  \u001b[36m<head />\u001b[39m\n  \u001b[36m<body>\u001b[39m\n    \u001b[36m<div>\u001b[39m\n      \u001b[36m<div\u001b[39m\n        \u001b[33mclass\u001b[39m=\u001b[32m\"min-h-screen flex items-center justify-center bg-gradient-to-br from-purple-50 dark:from-gray-900 to-blue-50 dark:to-gray-800\"\u001b[39m\n      \u001b[36m>\u001b[39m\n        \u001b[36m<div\u001b[39m\n          \u001b[33mclass\u001b[39m=\u001b[32m\"bg-white dark:bg-gray-800 p-8 rounded-lg shadow-lg w-full max-w-md\"\u001b[39m\n        \u001b[36m>\u001b[39m\n          \u001b[36m<h2\u001b[39m\n            \u001b[33mclass\u001b[39m=\u001b[32m\"text-2xl font-bold mb-6 text-gray-900 dark:text-white\"\u001b[39m\n          \u001b[36m>\u001b[39m\n            \u001b[0mSign In\u001b[0m\n          \u001b[36m</h2>\u001b[39m\n          \u001b[36m<div\u001b[39m\n            \u001b[33mclass\u001b[39m=\u001b[32m\"mb-4 p-3 bg-red-50 dark:bg-red-900/50 border border-red-200 dark:border-red-800 rounded text-red-600 dark:text-red-400 text-sm\"\u001b[39m\n          \u001b[36m>\u001b[39m\n            \u001b[0mAuthentication failed. Please check your credentials and try again.\u001b[0m\n          \u001b[36m</div>\u001b[39m\n          \u001b[36m<div\u001b[39m\n            \u001b[33mclass\u001b[39m=\u001b[32m\"mb-4 p-3 bg-orange-50 dark:bg-orange-900/50 border border-orange-200 dark:border-orange-800 rounded text-orange-700 dark:text-orange-400 text-sm\"\u001b[39m\n          \u001b[36m>\u001b[39m\n            \u001b[0m4\u001b[0m\n            \u001b[0m attempt\u001b[0m\n            \u001b[0ms\u001b[0m\n            \u001b[0m remaining before temporary lockout\u001b[0m\n          \u001b[36m</div>\u001b[39m\n          \u001b[36m<form\u001b[39m\n            \u001b[33mclass\u001b[39m=\u001b[32m\"space-y-4\"\u001b[39m\n            \u001b[33mrole\u001b[39m=\u001b[32m\"form\"\u001b[39m\n          \u001b[36m>\u001b[39m\n            \u001b[36m<div>\u001b[39m\n              \u001b[36m<label\u001b[39m\n                \u001b[33mclass\u001b[39m=\u001b[32m\"block text-sm font-medium text-gray-700 dark:text-gray-300 mb-1\"\u001b[39m\n                \u001b[33mfor\u001b[39m=\u001b[32m\"email\"\u001b[39m\n              \u001b[36m>\u001b[39m\n                \u001b[0mEmail\u001b[0m\n              \u001b[36m</label>\u001b[39m\n              \u001b[36m<input\u001b[39m\n                \u001b[33mclass\u001b[39m=\u001b[32m\"w-full px-3 py-2 border border-gray-300 dark:border-gray-600 rounded-md shadow-sm dark:bg-gray-700 dark:text-white focus:outline-none focus:ring-2 focus:ring-purple-500\"\u001b[39m\n                \u001b[33mid\u001b[39m=\u001b[32m\"email\"\u001b[39m\n                \u001b[33mrequired\u001b[39m=\u001b[32m\"\"\u001b[39m\n                \u001b[33mtype\u001b[39m=\u001b[32m\"email\"\u001b[39m\n                \u001b[33mvalue\u001b[39m=\u001b[32m\"mixed@example.com\"\u001b[39m\n              \u001b[36m/>\u001b[39m\n            \u001b[36m</div>\u001b[39m\n            \u001b[36m<div>\u001b[39m\n              \u001b[36m<label\u001b[39m\n                \u001b[33mclass\u001b[39m=\u001b[32m\"block text-sm font-medium text-gray-700 dark:text-gray-300 mb-1\"\u001b[39m\n                \u001b[33mfor\u001b[39m=\u001b[32m\"password\"\u001b[39m\n              \u001b[36m>\u001b[39m\n                \u001b[0mPassword\u001b[0m\n              \u001b[36m</label>\u001b[39m\n              \u001b[36m<input\u001b[39m\n                \u001b[33mclass\u001b[39m=\u001b[32m\"w-full px-3 py-2 border border-gray-300 dark:border-gray-600 rounded-md shadow-sm dark:bg-gray-700 dark:text-white focus:outline-none focus:ring-2 focus:ring-purple-500\"\u001b[39m\n                \u001b[33mid\u001b[39m=\u001b[32m\"password\"\u001b[39m\n                \u001b[33mrequired\u001b[39m=\u001b[32m\"\"\u001b[39m\n                \u001b[33mtype\u001b[39m=\u001b[32m\"password\"\u001b[39m\n                \u001b[33mvalue\u001b[39m=\u001b[32m\"correctpassword\"\u001b[39m\n              \u001b[36m/>\u001b[39m\n            \u001b[36m</div>\u001b[39m\n            \u001b[36m<button\u001b[39m\n              \u001b[33mclass\u001b[39m=\u001b[32m\"w-full py-2 px-4 bg-purple-600 hover:bg-purple-700 disabled:bg-purple-400 text-white rounded-md focus:outline-none focus:ring-2 focus:ring-purple-500 focus:ring-offset-2 disabled:cursor-not-allowed transition-colors\"\u001b[39m\n              \u001b[33mtype\u001b[39m=\u001b[32m\"submit\"\u001b[39m\n            \u001b[36m>\u001b[39m\n              \u001b[0mSign In\u001b[0m\n            \u001b[36m</button>\u001b[39m\n          \u001b[36m</form>\u001b[39m\n          \u001b[36m<div\u001b[39m\n            \u001b[33mclass\u001b[39m=\u001b[32m\"mt-4 text-center text-sm text-gray-600 dark:text-gray-400\"\u001b[39m\n          \u001b[36m>\u001b[39m\n            \u001b[36m<p>\u001b[39m\n              \u001b[0mDemo credentials:\u001b[0m\n            \u001b[36m</p>\u001b[39m\n            \u001b[36m<p\u001b[39m\n              \u001b[33mclass\u001b[39m=\u001b[32m\"font-mono text-xs\"\u001b[39m\n            \u001b[36m>\u001b[39m\n              \u001b[0mEmail: demo@example.com\u001b[0m\n              \u001b[36m<br />\u001b[39m\n              \u001b[0mPassword: demo123\u001b[0m\n            \u001b[36m</p>\u001b[39m\n          \u001b[36m</div>\u001b[39m\n        \u001b[36m</div>\u001b[39m\n      \u001b[36m</div>\u001b[39m\n    \u001b[36m</div>\u001b[39m\n  \u001b[36m</body>\u001b[39m\n\u001b[36m</html>\u001b[39m\n    at C:\\playground\\AI\\TAURI\\todo2\\src\\components\\__tests__\\LoginForm.e2e.integration.test.tsx:312:36\n    at runWithExpensiveErrorDiagnosticsDisabled (C:\\playground\\AI\\TAURI\\todo2\\node_modules\\@testing-library\\dom\\dist\\config.js:47:12)\n    at checkCallback (C:\\playground\\AI\\TAURI\\todo2\\node_modules\\@testing-library\\dom\\dist\\wait-for.js:124:77)\n    at Timeout.checkRealTimersCallback (C:\\playground\\AI\\TAURI\\todo2\\node_modules\\@testing-library\\dom\\dist\\wait-for.js:118:16)\n    at listOnTimeout (node:internal/timers:588:17)\n    at processTimers (node:internal/timers:523:7)"],"meta":{}},{"ancestorTitles":["LoginForm E2E Integration Tests","Complete Authentication Security Flow"],"fullName":"LoginForm E2E Integration Tests Complete Authentication Security Flow should handle basic rate limiting behavior","status":"failed","title":"should handle basic rate limiting behavior","duration":1070.3057,"failureMessages":["Error: Unable to find an element with the text: /invalid credentials/i. This could be because the text is broken up by multiple elements. In this case, you can provide a function for your text matcher to make your matcher more flexible.\n\nIgnored nodes: comments, script, style\n\u001b[36m<body>\u001b[39m\n  \u001b[36m<div>\u001b[39m\n    \u001b[36m<div\u001b[39m\n      \u001b[33mclass\u001b[39m=\u001b[32m\"min-h-screen flex items-center justify-center bg-gradient-to-br from-purple-50 dark:from-gray-900 to-blue-50 dark:to-gray-800\"\u001b[39m\n    \u001b[36m>\u001b[39m\n      \u001b[36m<div\u001b[39m\n        \u001b[33mclass\u001b[39m=\u001b[32m\"bg-white dark:bg-gray-800 p-8 rounded-lg shadow-lg w-full max-w-md\"\u001b[39m\n      \u001b[36m>\u001b[39m\n        \u001b[36m<h2\u001b[39m\n          \u001b[33mclass\u001b[39m=\u001b[32m\"text-2xl font-bold mb-6 text-gray-900 dark:text-white\"\u001b[39m\n        \u001b[36m>\u001b[39m\n          \u001b[0mSign In\u001b[0m\n        \u001b[36m</h2>\u001b[39m\n        \u001b[36m<div\u001b[39m\n          \u001b[33mclass\u001b[39m=\u001b[32m\"mb-4 p-3 bg-red-50 dark:bg-red-900/50 border border-red-200 dark:border-red-800 rounded text-red-600 dark:text-red-400 text-sm\"\u001b[39m\n        \u001b[36m>\u001b[39m\n          \u001b[0mAuthentication failed. Please check your credentials and try again.\u001b[0m\n        \u001b[36m</div>\u001b[39m\n        \u001b[36m<div\u001b[39m\n          \u001b[33mclass\u001b[39m=\u001b[32m\"mb-4 p-3 bg-orange-50 dark:bg-orange-900/50 border border-orange-200 dark:border-orange-800 rounded text-orange-700 dark:text-orange-400 text-sm\"\u001b[39m\n        \u001b[36m>\u001b[39m\n          \u001b[0m4\u001b[0m\n          \u001b[0m attempt\u001b[0m\n          \u001b[0ms\u001b[0m\n          \u001b[0m remaining before temporary lockout\u001b[0m\n        \u001b[36m</div>\u001b[39m\n        \u001b[36m<form\u001b[39m\n          \u001b[33mclass\u001b[39m=\u001b[32m\"space-y-4\"\u001b[39m\n          \u001b[33mrole\u001b[39m=\u001b[32m\"form\"\u001b[39m\n        \u001b[36m>\u001b[39m\n          \u001b[36m<div>\u001b[39m\n            \u001b[36m<label\u001b[39m\n              \u001b[33mclass\u001b[39m=\u001b[32m\"block text-sm font-medium text-gray-700 dark:text-gray-300 mb-1\"\u001b[39m\n              \u001b[33mfor\u001b[39m=\u001b[32m\"email\"\u001b[39m\n            \u001b[36m>\u001b[39m\n              \u001b[0mEmail\u001b[0m\n            \u001b[36m</label>\u001b[39m\n            \u001b[36m<input\u001b[39m\n              \u001b[33mclass\u001b[39m=\u001b[32m\"w-full px-3 py-2 border border-gray-300 dark:border-gray-600 rounded-md shadow-sm dark:bg-gray-700 dark:text-white focus:outline-none focus:ring-2 focus:ring-purple-500\"\u001b[39m\n              \u001b[33mid\u001b[39m=\u001b[32m\"email\"\u001b[39m\n              \u001b[33mrequired\u001b[39m=\u001b[32m\"\"\u001b[39m\n              \u001b[33mtype\u001b[39m=\u001b[32m\"email\"\u001b[39m\n              \u001b[33mvalue\u001b[39m=\u001b[32m\"ratelimit@example.com\"\u001b[39m\n            \u001b[36m/>\u001b[39m\n          \u001b[36m</div>\u001b[39m\n          \u001b[36m<div>\u001b[39m\n            \u001b[36m<label\u001b[39m\n              \u001b[33mclass\u001b[39m=\u001b[32m\"block text-sm font-medium text-gray-700 dark:text-gray-300 mb-1\"\u001b[39m\n              \u001b[33mfor\u001b[39m=\u001b[32m\"password\"\u001b[39m\n            \u001b[36m>\u001b[39m\n              \u001b[0mPassword\u001b[0m\n            \u001b[36m</label>\u001b[39m\n            \u001b[36m<input\u001b[39m\n              \u001b[33mclass\u001b[39m=\u001b[32m\"w-full px-3 py-2 border border-gray-300 dark:border-gray-600 rounded-md shadow-sm dark:bg-gray-700 dark:text-white focus:outline-none focus:ring-2 focus:ring-purple-500\"\u001b[39m\n              \u001b[33mid\u001b[39m=\u001b[32m\"password\"\u001b[39m\n              \u001b[33mrequired\u001b[39m=\u001b[32m\"\"\u001b[39m\n              \u001b[33mtype\u001b[39m=\u001b[32m\"password\"\u001b[39m\n              \u001b[33mvalue\u001b[39m=\u001b[32m\"wrong1\"\u001b[39m\n            \u001b[36m/>\u001b[39m\n          \u001b[36m</div>\u001b[39m\n          \u001b[36m<button\u001b[39m\n            \u001b[33mclass\u001b[39m=\u001b[32m\"w-full py-2 px-4 bg-purple-600 hover:bg-purple-700 disabled:bg-purple-400 text-white rounded-md focus:outline-none focus:ring-2 focus:ring-purple-500 focus:ring-offset-2 disabled:cursor-not-allowed transition-colors\"\u001b[39m\n            \u001b[33mtype\u001b[39m=\u001b[32m\"submit\"\u001b[39m\n          \u001b[36m>\u001b[39m\n            \u001b[0mSign In\u001b[0m\n          \u001b[36m</button>\u001b[39m\n        \u001b[36m</form>\u001b[39m\n        \u001b[36m<div\u001b[39m\n          \u001b[33mclass\u001b[39m=\u001b[32m\"mt-4 text-center text-sm text-gray-600 dark:text-gray-400\"\u001b[39m\n        \u001b[36m>\u001b[39m\n          \u001b[36m<p>\u001b[39m\n            \u001b[0mDemo credentials:\u001b[0m\n          \u001b[36m</p>\u001b[39m\n          \u001b[36m<p\u001b[39m\n            \u001b[33mclass\u001b[39m=\u001b[32m\"font-mono text-xs\"\u001b[39m\n          \u001b[36m>\u001b[39m\n            \u001b[0mEmail: demo@example.com\u001b[0m\n            \u001b[36m<br />\u001b[39m\n            \u001b[0mPassword: demo123\u001b[0m\n          \u001b[36m</p>\u001b[39m\n        \u001b[36m</div>\u001b[39m\n      \u001b[36m</div>\u001b[39m\n    \u001b[36m</div>\u001b[39m\n  \u001b[36m</div>\u001b[39m\n\u001b[36m</body>\u001b[39m\n    at Proxy.waitForWrapper (C:\\playground\\AI\\TAURI\\todo2\\node_modules\\@testing-library\\dom\\dist\\wait-for.js:163:27)\n    at C:\\playground\\AI\\TAURI\\todo2\\src\\components\\__tests__\\LoginForm.e2e.integration.test.tsx:351:13\n    at file:///C:/playground/AI/TAURI/todo2/node_modules/@vitest/runner/dist/index.js:558:22"],"meta":{}},{"ancestorTitles":["LoginForm E2E Integration Tests","Complete Authentication Security Flow"],"fullName":"LoginForm E2E Integration Tests Complete Authentication Security Flow should integrate properly with auth store and data loading","status":"passed","title":"should integrate properly with auth store and data loading","duration":287.3808000000008,"failureMessages":[],"meta":{}},{"ancestorTitles":["LoginForm E2E Integration Tests","Complete Authentication Security Flow"],"fullName":"LoginForm E2E Integration Tests Complete Authentication Security Flow should handle auth store errors gracefully","status":"failed","title":"should handle auth store errors gracefully","duration":301.83309999999983,"failureMessages":["AssertionError: expected \"spy\" to be called with arguments: [ 'Signed in successfully!' ]\u001b[90m\n\nReceived: \n\n\u001b[39m\u001b[90m\n\nNumber of calls: \u001b[1m0\u001b[22m\n\u001b[39m\n    at Proxy.<anonymous> (file:///C:/playground/AI/TAURI/todo2/node_modules/@vitest/expect/dist/index.js:1528:13)\n    at Proxy.<anonymous> (file:///C:/playground/AI/TAURI/todo2/node_modules/@vitest/expect/dist/index.js:1035:17)\n    at Proxy.methodWrapper (file:///C:/playground/AI/TAURI/todo2/node_modules/chai/chai.js:1618:25)\n    at C:\\playground\\AI\\TAURI\\todo2\\src\\components\\__tests__\\LoginForm.e2e.integration.test.tsx:459:32\n    at file:///C:/playground/AI/TAURI/todo2/node_modules/@vitest/runner/dist/index.js:558:22"],"meta":{}},{"ancestorTitles":["LoginForm E2E Integration Tests","Security Configuration Integration"],"fullName":"LoginForm E2E Integration Tests Security Configuration Integration should respect security configuration settings","status":"passed","title":"should respect security configuration settings","duration":15.071100000001024,"failureMessages":[],"meta":{}},{"ancestorTitles":["LoginForm E2E Integration Tests","Security Configuration Integration"],"fullName":"LoginForm E2E Integration Tests Security Configuration Integration should handle multiple failed attempts without lockout when configured","status":"failed","title":"should handle multiple failed attempts without lockout when configured","duration":49.49229999999989,"failureMessages":["Error: \u001b[2mexpect(\u001b[22m\u001b[31melement\u001b[39m\u001b[2m).not.toBeDisabled()\u001b[22m\n\nReceived element is disabled:\n  \u001b[31m<button\n  class=\"w-full py-2 px-4 bg-purple-600 hover:bg-purple-700 disabled:bg-purple-400 text-white rounded-md focus:outline-none focus:ring-2 focus:ring-purple-500 focus:ring-offset-2 disabled:cursor-not-allowed transition-colors\"\n  disabled=\"\"\n  type=\"submit\"\n/>\u001b[39m\n    at Proxy.expectWrapper (file:///C:/playground/AI/TAURI/todo2/node_modules/@vitest/expect/dist/index.js:2134:19)\n    at Proxy.<anonymous> (file:///C:/playground/AI/TAURI/todo2/node_modules/@vitest/expect/dist/index.js:1035:17)\n    at Proxy.methodWrapper (file:///C:/playground/AI/TAURI/todo2/node_modules/chai/chai.js:1618:25)\n    at C:\\playground\\AI\\TAURI\\todo2\\src\\components\\__tests__\\LoginForm.e2e.integration.test.tsx:541:32\n    at file:///C:/playground/AI/TAURI/todo2/node_modules/@vitest/runner/dist/index.js:558:22"],"meta":{}},{"ancestorTitles":["LoginForm E2E Integration Tests","Error Boundary and Resilience"],"fullName":"LoginForm E2E Integration Tests Error Boundary and Resilience should handle security component failures gracefully","status":"failed","title":"should handle security component failures gracefully","duration":1084.592700000001,"failureMessages":["AssertionError: expected \"spy\" to be called at least once\n\nIgnored nodes: comments, script, style\n\u001b[36m<html>\u001b[39m\n  \u001b[36m<head />\u001b[39m\n  \u001b[36m<body>\u001b[39m\n    \u001b[36m<div>\u001b[39m\n      \u001b[36m<div\u001b[39m\n        \u001b[33mclass\u001b[39m=\u001b[32m\"min-h-screen flex items-center justify-center bg-gradient-to-br from-purple-50 dark:from-gray-900 to-blue-50 dark:to-gray-800\"\u001b[39m\n      \u001b[36m>\u001b[39m\n        \u001b[36m<div\u001b[39m\n          \u001b[33mclass\u001b[39m=\u001b[32m\"bg-white dark:bg-gray-800 p-8 rounded-lg shadow-lg w-full max-w-md\"\u001b[39m\n        \u001b[36m>\u001b[39m\n          \u001b[36m<h2\u001b[39m\n            \u001b[33mclass\u001b[39m=\u001b[32m\"text-2xl font-bold mb-6 text-gray-900 dark:text-white\"\u001b[39m\n          \u001b[36m>\u001b[39m\n            \u001b[0mSign In\u001b[0m\n          \u001b[36m</h2>\u001b[39m\n          \u001b[36m<form\u001b[39m\n            \u001b[33mclass\u001b[39m=\u001b[32m\"space-y-4\"\u001b[39m\n            \u001b[33mrole\u001b[39m=\u001b[32m\"form\"\u001b[39m\n          \u001b[36m>\u001b[39m\n            \u001b[36m<div>\u001b[39m\n              \u001b[36m<label\u001b[39m\n                \u001b[33mclass\u001b[39m=\u001b[32m\"block text-sm font-medium text-gray-700 dark:text-gray-300 mb-1\"\u001b[39m\n                \u001b[33mfor\u001b[39m=\u001b[32m\"email\"\u001b[39m\n              \u001b[36m>\u001b[39m\n                \u001b[0mEmail\u001b[0m\n              \u001b[36m</label>\u001b[39m\n              \u001b[36m<input\u001b[39m\n                \u001b[33mclass\u001b[39m=\u001b[32m\"w-full px-3 py-2 border border-gray-300 dark:border-gray-600 rounded-md shadow-sm dark:bg-gray-700 dark:text-white focus:outline-none focus:ring-2 focus:ring-purple-500\"\u001b[39m\n                \u001b[33mdisabled\u001b[39m=\u001b[32m\"\"\u001b[39m\n                \u001b[33mid\u001b[39m=\u001b[32m\"email\"\u001b[39m\n                \u001b[33mrequired\u001b[39m=\u001b[32m\"\"\u001b[39m\n                \u001b[33mtype\u001b[39m=\u001b[32m\"email\"\u001b[39m\n                \u001b[33mvalue\u001b[39m=\u001b[32m\"resilient@example.com\"\u001b[39m\n              \u001b[36m/>\u001b[39m\n            \u001b[36m</div>\u001b[39m\n            \u001b[36m<div>\u001b[39m\n              \u001b[36m<label\u001b[39m\n                \u001b[33mclass\u001b[39m=\u001b[32m\"block text-sm font-medium text-gray-700 dark:text-gray-300 mb-1\"\u001b[39m\n                \u001b[33mfor\u001b[39m=\u001b[32m\"password\"\u001b[39m\n              \u001b[36m>\u001b[39m\n                \u001b[0mPassword\u001b[0m\n              \u001b[36m</label>\u001b[39m\n              \u001b[36m<input\u001b[39m\n                \u001b[33mclass\u001b[39m=\u001b[32m\"w-full px-3 py-2 border border-gray-300 dark:border-gray-600 rounded-md shadow-sm dark:bg-gray-700 dark:text-white focus:outline-none focus:ring-2 focus:ring-purple-500\"\u001b[39m\n                \u001b[33mdisabled\u001b[39m=\u001b[32m\"\"\u001b[39m\n                \u001b[33mid\u001b[39m=\u001b[32m\"password\"\u001b[39m\n                \u001b[33mrequired\u001b[39m=\u001b[32m\"\"\u001b[39m\n                \u001b[33mtype\u001b[39m=\u001b[32m\"password\"\u001b[39m\n                \u001b[33mvalue\u001b[39m=\u001b[32m\"validpassword\"\u001b[39m\n              \u001b[36m/>\u001b[39m\n            \u001b[36m</div>\u001b[39m\n            \u001b[36m<button\u001b[39m\n              \u001b[33mclass\u001b[39m=\u001b[32m\"w-full py-2 px-4 bg-purple-600 hover:bg-purple-700 disabled:bg-purple-400 text-white rounded-md focus:outline-none focus:ring-2 focus:ring-purple-500 focus:ring-offset-2 disabled:cursor-not-allowed transition-colors\"\u001b[39m\n              \u001b[33mdisabled\u001b[39m=\u001b[32m\"\"\u001b[39m\n              \u001b[33mtype\u001b[39m=\u001b[32m\"submit\"\u001b[39m\n            \u001b[36m>\u001b[39m\n              \u001b[36m<div\u001b[39m\n                \u001b[33mclass\u001b[39m=\u001b[32m\"flex items-center justify-center gap-2\"\u001b[39m\n              \u001b[36m>\u001b[39m\n                \u001b[36m<div\u001b[39m\n                  \u001b[33mclass\u001b[39m=\u001b[32m\"w-4 h-4 border-2 border-white border-t-transparent rounded-full animate-spin\"\u001b[39m\n                \u001b[36m/>\u001b[39m\n                \u001b[0mSigning in...\u001b[0m\n              \u001b[36m</div>\u001b[39m\n            \u001b[36m</button>\u001b[39m\n          \u001b[36m</form>\u001b[39m\n          \u001b[36m<div\u001b[39m\n            \u001b[33mclass\u001b[39m=\u001b[32m\"mt-4 text-center text-sm text-gray-600 dark:text-gray-400\"\u001b[39m\n          \u001b[36m>\u001b[39m\n            \u001b[36m<p>\u001b[39m\n              \u001b[0mDemo credentials:\u001b[0m\n            \u001b[36m</p>\u001b[39m\n            \u001b[36m<p\u001b[39m\n              \u001b[33mclass\u001b[39m=\u001b[32m\"font-mono text-xs\"\u001b[39m\n            \u001b[36m>\u001b[39m\n              \u001b[0mEmail: demo@example.com\u001b[0m\n              \u001b[36m<br />\u001b[39m\n              \u001b[0mPassword: demo123\u001b[0m\n            \u001b[36m</p>\u001b[39m\n          \u001b[36m</div>\u001b[39m\n        \u001b[36m</div>\u001b[39m\n      \u001b[36m</div>\u001b[39m\n    \u001b[36m</div>\u001b[39m\n  \u001b[36m</body>\u001b[39m\n\u001b[36m</html>\u001b[39m\n    at Proxy.<anonymous> (file:///C:/playground/AI/TAURI/todo2/node_modules/@vitest/expect/dist/index.js:1511:13)\n    at Proxy.<anonymous> (file:///C:/playground/AI/TAURI/todo2/node_modules/@vitest/expect/dist/index.js:1035:17)\n    at Proxy.methodWrapper (file:///C:/playground/AI/TAURI/todo2/node_modules/chai/chai.js:1618:25)\n    at C:\\playground\\AI\\TAURI\\todo2\\src\\components\\__tests__\\LoginForm.e2e.integration.test.tsx:580:36\n    at runWithExpensiveErrorDiagnosticsDisabled (C:\\playground\\AI\\TAURI\\todo2\\node_modules\\@testing-library\\dom\\dist\\config.js:47:12)\n    at checkCallback (C:\\playground\\AI\\TAURI\\todo2\\node_modules\\@testing-library\\dom\\dist\\wait-for.js:124:77)\n    at Timeout.checkRealTimersCallback (C:\\playground\\AI\\TAURI\\todo2\\node_modules\\@testing-library\\dom\\dist\\wait-for.js:118:16)\n    at listOnTimeout (node:internal/timers:588:17)\n    at processTimers (node:internal/timers:523:7)"],"meta":{}},{"ancestorTitles":["LoginForm E2E Integration Tests","Error Boundary and Resilience"],"fullName":"LoginForm E2E Integration Tests Error Boundary and Resilience should maintain functionality when storage is unavailable","status":"passed","title":"should maintain functionality when storage is unavailable","duration":363.8279000000002,"failureMessages":[],"meta":{}},{"ancestorTitles":["LoginForm E2E Integration Tests","Performance and Memory Management"],"fullName":"LoginForm E2E Integration Tests Performance and Memory Management should cleanup resources properly on unmount","status":"passed","title":"should cleanup resources properly on unmount","duration":29.867700000000696,"failureMessages":[],"meta":{}},{"ancestorTitles":["LoginForm E2E Integration Tests","Performance and Memory Management"],"fullName":"LoginForm E2E Integration Tests Performance and Memory Management should handle rapid user interactions without memory leaks","status":"passed","title":"should handle rapid user interactions without memory leaks","duration":1050.9917999999998,"failureMessages":[],"meta":{}}],"startTime":1771435352958,"endTime":1771435360359.9917,"status":"failed","message":"","name":"C:/playground/AI/TAURI/todo2/src/components/__tests__/LoginForm.e2e.integration.test.tsx"},{"assertionResults":[{"ancestorTitles":["LoginForm E2E Network Conditions Tests","Offline Network Conditions"],"fullName":"LoginForm E2E Network Conditions Tests Offline Network Conditions should handle offline authentication attempts gracefully","status":"passed","title":"should handle offline authentication attempts gracefully","duration":670.0473000000002,"failureMessages":[],"meta":{}},{"ancestorTitles":["LoginForm E2E Network Conditions Tests","Offline Network Conditions"],"fullName":"LoginForm E2E Network Conditions Tests Offline Network Conditions should show appropriate offline indicators","status":"passed","title":"should show appropriate offline indicators","duration":112.63349999999991,"failureMessages":[],"meta":{}},{"ancestorTitles":["LoginForm E2E Network Conditions Tests","Offline Network Conditions"],"fullName":"LoginForm E2E Network Conditions Tests Offline Network Conditions should handle transition from offline to online","status":"failed","title":"should handle transition from offline to online","duration":1078.6371,"failureMessages":["AssertionError: expected \"spy\" to be called with arguments: [ Array(1) ]\u001b[90m\n\nReceived: \n\n\u001b[1m  1st spy call:\n\n\u001b[22m\u001b[2m  [\u001b[22m\n\u001b[32m-   StringMatching /connection|network/i,\u001b[90m\n\u001b[31m+   \"Authentication failed. Please check your credentials and try again.\",\u001b[90m\n\u001b[2m  ]\u001b[22m\n\u001b[39m\u001b[90m\n\nNumber of calls: \u001b[1m1\u001b[22m\n\u001b[39m\n\nIgnored nodes: comments, script, style\n\u001b[36m<html>\u001b[39m\n  \u001b[36m<head />\u001b[39m\n  \u001b[36m<body>\u001b[39m\n    \u001b[36m<div>\u001b[39m\n      \u001b[36m<div\u001b[39m\n        \u001b[33mclass\u001b[39m=\u001b[32m\"min-h-screen flex items-center justify-center bg-gradient-to-br from-purple-50 dark:from-gray-900 to-blue-50 dark:to-gray-800\"\u001b[39m\n      \u001b[36m>\u001b[39m\n        \u001b[36m<div\u001b[39m\n          \u001b[33mclass\u001b[39m=\u001b[32m\"bg-white dark:bg-gray-800 p-8 rounded-lg shadow-lg w-full max-w-md\"\u001b[39m\n        \u001b[36m>\u001b[39m\n          \u001b[36m<h2\u001b[39m\n            \u001b[33mclass\u001b[39m=\u001b[32m\"text-2xl font-bold mb-6 text-gray-900 dark:text-white\"\u001b[39m\n          \u001b[36m>\u001b[39m\n            \u001b[0mSign In\u001b[0m\n          \u001b[36m</h2>\u001b[39m\n          \u001b[36m<div\u001b[39m\n            \u001b[33mclass\u001b[39m=\u001b[32m\"mb-4 p-3 bg-red-50 dark:bg-red-900/50 border border-red-200 dark:border-red-800 rounded text-red-600 dark:text-red-400 text-sm\"\u001b[39m\n          \u001b[36m>\u001b[39m\n            \u001b[0mAuthentication failed. Please check your credentials and try again.\u001b[0m\n          \u001b[36m</div>\u001b[39m\n          \u001b[36m<form\u001b[39m\n            \u001b[33mclass\u001b[39m=\u001b[32m\"space-y-4\"\u001b[39m\n            \u001b[33mrole\u001b[39m=\u001b[32m\"form\"\u001b[39m\n          \u001b[36m>\u001b[39m\n            \u001b[36m<div>\u001b[39m\n              \u001b[36m<label\u001b[39m\n                \u001b[33mclass\u001b[39m=\u001b[32m\"block text-sm font-medium text-gray-700 dark:text-gray-300 mb-1\"\u001b[39m\n                \u001b[33mfor\u001b[39m=\u001b[32m\"email\"\u001b[39m\n              \u001b[36m>\u001b[39m\n                \u001b[0mEmail\u001b[0m\n              \u001b[36m</label>\u001b[39m\n              \u001b[36m<input\u001b[39m\n                \u001b[33mclass\u001b[39m=\u001b[32m\"w-full px-3 py-2 border border-gray-300 dark:border-gray-600 rounded-md shadow-sm dark:bg-gray-700 dark:text-white focus:outline-none focus:ring-2 focus:ring-purple-500\"\u001b[39m\n                \u001b[33mid\u001b[39m=\u001b[32m\"email\"\u001b[39m\n                \u001b[33mrequired\u001b[39m=\u001b[32m\"\"\u001b[39m\n                \u001b[33mtype\u001b[39m=\u001b[32m\"email\"\u001b[39m\n                \u001b[33mvalue\u001b[39m=\u001b[32m\"test@example.com\"\u001b[39m\n              \u001b[36m/>\u001b[39m\n            \u001b[36m</div>\u001b[39m\n            \u001b[36m<div>\u001b[39m\n              \u001b[36m<label\u001b[39m\n                \u001b[33mclass\u001b[39m=\u001b[32m\"block text-sm font-medium text-gray-700 dark:text-gray-300 mb-1\"\u001b[39m\n                \u001b[33mfor\u001b[39m=\u001b[32m\"password\"\u001b[39m\n              \u001b[36m>\u001b[39m\n                \u001b[0mPassword\u001b[0m\n              \u001b[36m</label>\u001b[39m\n              \u001b[36m<input\u001b[39m\n                \u001b[33mclass\u001b[39m=\u001b[32m\"w-full px-3 py-2 border border-gray-300 dark:border-gray-600 rounded-md shadow-sm dark:bg-gray-700 dark:text-white focus:outline-none focus:ring-2 focus:ring-purple-500\"\u001b[39m\n                \u001b[33mid\u001b[39m=\u001b[32m\"password\"\u001b[39m\n                \u001b[33mrequired\u001b[39m=\u001b[32m\"\"\u001b[39m\n                \u001b[33mtype\u001b[39m=\u001b[32m\"password\"\u001b[39m\n                \u001b[33mvalue\u001b[39m=\u001b[32m\"password123\"\u001b[39m\n              \u001b[36m/>\u001b[39m\n            \u001b[36m</div>\u001b[39m\n            \u001b[36m<button\u001b[39m\n              \u001b[33mclass\u001b[39m=\u001b[32m\"w-full py-2 px-4 bg-purple-600 hover:bg-purple-700 disabled:bg-purple-400 text-white rounded-md focus:outline-none focus:ring-2 focus:ring-purple-500 focus:ring-offset-2 disabled:cursor-not-allowed transition-colors\"\u001b[39m\n              \u001b[33mtype\u001b[39m=\u001b[32m\"submit\"\u001b[39m\n            \u001b[36m>\u001b[39m\n              \u001b[0mSign In\u001b[0m\n            \u001b[36m</button>\u001b[39m\n          \u001b[36m</form>\u001b[39m\n          \u001b[36m<div\u001b[39m\n            \u001b[33mclass\u001b[39m=\u001b[32m\"mt-4 text-center text-sm text-gray-600 dark:text-gray-400\"\u001b[39m\n          \u001b[36m>\u001b[39m\n            \u001b[36m<p>\u001b[39m\n              \u001b[0mDemo credentials:\u001b[0m\n            \u001b[36m</p>\u001b[39m\n            \u001b[36m<p\u001b[39m\n              \u001b[33mclass\u001b[39m=\u001b[32m\"font-mono text-xs\"\u001b[39m\n            \u001b[36m>\u001b[39m\n              \u001b[0mEmail: demo@example.com\u001b[0m\n              \u001b[36m<br />\u001b[39m\n              \u001b[0mPassword: demo123\u001b[0m\n            \u001b[36m</p>\u001b[39m\n          \u001b[36m</div>\u001b[39m\n        \u001b[36m</div>\u001b[39m\n      \u001b[36m</div>\u001b[39m\n    \u001b[36m</div>\u001b[39m\n  \u001b[36m</body>\u001b[39m\n\u001b[36m</html>\u001b[39m\n    at Proxy.<anonymous> (file:///C:/playground/AI/TAURI/todo2/node_modules/@vitest/expect/dist/index.js:1528:13)\n    at Proxy.<anonymous> (file:///C:/playground/AI/TAURI/todo2/node_modules/@vitest/expect/dist/index.js:1035:17)\n    at Proxy.methodWrapper (file:///C:/playground/AI/TAURI/todo2/node_modules/chai/chai.js:1618:25)\n    at C:\\playground\\AI\\TAURI\\todo2\\src\\components\\__tests__\\LoginForm.e2e.network.test.tsx:244:32\n    at runWithExpensiveErrorDiagnosticsDisabled (C:\\playground\\AI\\TAURI\\todo2\\node_modules\\@testing-library\\dom\\dist\\config.js:47:12)\n    at checkCallback (C:\\playground\\AI\\TAURI\\todo2\\node_modules\\@testing-library\\dom\\dist\\wait-for.js:124:77)\n    at Timeout.checkRealTimersCallback (C:\\playground\\AI\\TAURI\\todo2\\node_modules\\@testing-library\\dom\\dist\\wait-for.js:118:16)\n    at listOnTimeout (node:internal/timers:588:17)\n    at processTimers (node:internal/timers:523:7)"],"meta":{}},{"ancestorTitles":["LoginForm E2E Network Conditions Tests","Slow Network Conditions"],"fullName":"LoginForm E2E Network Conditions Tests Slow Network Conditions should handle slow authentication requests with timeout","status":"passed","title":"should handle slow authentication requests with timeout","duration":68.48850000000039,"failureMessages":[],"meta":{}},{"ancestorTitles":["LoginForm E2E Network Conditions Tests","Slow Network Conditions"],"fullName":"LoginForm E2E Network Conditions Tests Slow Network Conditions should prevent multiple requests during slow connections","status":"passed","title":"should prevent multiple requests during slow connections","duration":48.07899999999972,"failureMessages":[],"meta":{}},{"ancestorTitles":["LoginForm E2E Network Conditions Tests","Slow Network Conditions"],"fullName":"LoginForm E2E Network Conditions Tests Slow Network Conditions should show progress indicators for slow requests","status":"passed","title":"should show progress indicators for slow requests","duration":66.3775999999998,"failureMessages":[],"meta":{}},{"ancestorTitles":["LoginForm E2E Network Conditions Tests","Intermittent Network Conditions"],"fullName":"LoginForm E2E Network Conditions Tests Intermittent Network Conditions should handle intermittent connection failures","status":"passed","title":"should handle intermittent connection failures","duration":156.64609999999993,"failureMessages":[],"meta":{}},{"ancestorTitles":["LoginForm E2E Network Conditions Tests","Intermittent Network Conditions"],"fullName":"LoginForm E2E Network Conditions Tests Intermittent Network Conditions should maintain rate limiting during network instability","status":"passed","title":"should maintain rate limiting during network instability","duration":167.32319999999982,"failureMessages":[],"meta":{}},{"ancestorTitles":["LoginForm E2E Network Conditions Tests","Network Timeout Scenarios"],"fullName":"LoginForm E2E Network Conditions Tests Network Timeout Scenarios should handle request timeouts gracefully","status":"passed","title":"should handle request timeouts gracefully","duration":61.609699999999975,"failureMessages":[],"meta":{}},{"ancestorTitles":["LoginForm E2E Network Conditions Tests","Network Timeout Scenarios"],"fullName":"LoginForm E2E Network Conditions Tests Network Timeout Scenarios should allow retry after timeout when security allows","status":"passed","title":"should allow retry after timeout when security allows","duration":226.47379999999976,"failureMessages":[],"meta":{}},{"ancestorTitles":["LoginForm E2E Network Conditions Tests","Error Recovery and User Experience"],"fullName":"LoginForm E2E Network Conditions Tests Error Recovery and User Experience should provide clear feedback for different network error types","status":"passed","title":"should provide clear feedback for different network error types","duration":143.9458999999997,"failureMessages":[],"meta":{}},{"ancestorTitles":["LoginForm E2E Network Conditions Tests","Error Recovery and User Experience"],"fullName":"LoginForm E2E Network Conditions Tests Error Recovery and User Experience should maintain form state during network errors","status":"passed","title":"should maintain form state during network errors","duration":36.73139999999967,"failureMessages":[],"meta":{}},{"ancestorTitles":["LoginForm E2E Network Conditions Tests","Error Recovery and User Experience"],"fullName":"LoginForm E2E Network Conditions Tests Error Recovery and User Experience should handle rapid network state changes","status":"passed","title":"should handle rapid network state changes","duration":131.9306999999999,"failureMessages":[],"meta":{}},{"ancestorTitles":["LoginForm E2E Network Conditions Tests","Error Recovery and User Experience"],"fullName":"LoginForm E2E Network Conditions Tests Error Recovery and User Experience should provide accessibility support during network issues","status":"passed","title":"should provide accessibility support during network issues","duration":51.36250000000018,"failureMessages":[],"meta":{}}],"startTime":1771435352943,"endTime":1771435355966.3625,"status":"failed","message":"","name":"C:/playground/AI/TAURI/todo2/src/components/__tests__/LoginForm.e2e.network.test.tsx"},{"assertionResults":[{"ancestorTitles":["LoginForm E2E Persistence Tests","Security State Persistence Across Application Restarts"],"fullName":"LoginForm E2E Persistence Tests Security State Persistence Across Application Restarts should persist failed attempt count across app restarts","status":"failed","title":"should persist failed attempt count across app restarts","duration":1735.2694000000001,"failureMessages":["AssertionError: expected \"spy\" to be called 2 times, but got 1 times\n\nIgnored nodes: comments, script, style\n\u001b[36m<html>\u001b[39m\n  \u001b[36m<head />\u001b[39m\n  \u001b[36m<body>\u001b[39m\n    \u001b[36m<div>\u001b[39m\n      \u001b[36m<div\u001b[39m\n        \u001b[33mclass\u001b[39m=\u001b[32m\"min-h-screen flex items-center justify-center bg-gradient-to-br from-purple-50 dark:from-gray-900 to-blue-50 dark:to-gray-800\"\u001b[39m\n      \u001b[36m>\u001b[39m\n        \u001b[36m<div\u001b[39m\n          \u001b[33mclass\u001b[39m=\u001b[32m\"bg-white dark:bg-gray-800 p-8 rounded-lg shadow-lg w-full max-w-md\"\u001b[39m\n        \u001b[36m>\u001b[39m\n          \u001b[36m<h2\u001b[39m\n            \u001b[33mclass\u001b[39m=\u001b[32m\"text-2xl font-bold mb-6 text-gray-900 dark:text-white\"\u001b[39m\n          \u001b[36m>\u001b[39m\n            \u001b[0mSign In\u001b[0m\n          \u001b[36m</h2>\u001b[39m\n          \u001b[36m<div\u001b[39m\n            \u001b[33mclass\u001b[39m=\u001b[32m\"mb-4 p-3 bg-red-50 dark:bg-red-900/50 border border-red-200 dark:border-red-800 rounded text-red-600 dark:text-red-400 text-sm\"\u001b[39m\n          \u001b[36m>\u001b[39m\n            \u001b[0mAuthentication failed. Please check your credentials and try again.\u001b[0m\n          \u001b[36m</div>\u001b[39m\n          \u001b[36m<div\u001b[39m\n            \u001b[33mclass\u001b[39m=\u001b[32m\"mb-4 p-3 bg-orange-50 dark:bg-orange-900/50 border border-orange-200 dark:border-orange-800 rounded text-orange-700 dark:text-orange-400 text-sm\"\u001b[39m\n          \u001b[36m>\u001b[39m\n            \u001b[0m4\u001b[0m\n            \u001b[0m attempt\u001b[0m\n            \u001b[0ms\u001b[0m\n            \u001b[0m remaining before temporary lockout\u001b[0m\n          \u001b[36m</div>\u001b[39m\n          \u001b[36m<form\u001b[39m\n            \u001b[33mclass\u001b[39m=\u001b[32m\"space-y-4\"\u001b[39m\n            \u001b[33mrole\u001b[39m=\u001b[32m\"form\"\u001b[39m\n          \u001b[36m>\u001b[39m\n            \u001b[36m<div>\u001b[39m\n              \u001b[36m<label\u001b[39m\n                \u001b[33mclass\u001b[39m=\u001b[32m\"block text-sm font-medium text-gray-700 dark:text-gray-300 mb-1\"\u001b[39m\n                \u001b[33mfor\u001b[39m=\u001b[32m\"email\"\u001b[39m\n              \u001b[36m>\u001b[39m\n                \u001b[0mEmail\u001b[0m\n              \u001b[36m</label>\u001b[39m\n              \u001b[36m<input\u001b[39m\n                \u001b[33mclass\u001b[39m=\u001b[32m\"w-full px-3 py-2 border border-gray-300 dark:border-gray-600 rounded-md shadow-sm dark:bg-gray-700 dark:text-white focus:outline-none focus:ring-2 focus:ring-purple-500\"\u001b[39m\n                \u001b[33mid\u001b[39m=\u001b[32m\"email\"\u001b[39m\n                \u001b[33mrequired\u001b[39m=\u001b[32m\"\"\u001b[39m\n                \u001b[33mtype\u001b[39m=\u001b[32m\"email\"\u001b[39m\n                \u001b[33mvalue\u001b[39m=\u001b[32m\"test@example.com\"\u001b[39m\n              \u001b[36m/>\u001b[39m\n            \u001b[36m</div>\u001b[39m\n            \u001b[36m<div>\u001b[39m\n              \u001b[36m<label\u001b[39m\n                \u001b[33mclass\u001b[39m=\u001b[32m\"block text-sm font-medium text-gray-700 dark:text-gray-300 mb-1\"\u001b[39m\n                \u001b[33mfor\u001b[39m=\u001b[32m\"password\"\u001b[39m\n              \u001b[36m>\u001b[39m\n                \u001b[0mPassword\u001b[0m\n              \u001b[36m</label>\u001b[39m\n              \u001b[36m<input\u001b[39m\n                \u001b[33mclass\u001b[39m=\u001b[32m\"w-full px-3 py-2 border border-gray-300 dark:border-gray-600 rounded-md shadow-sm dark:bg-gray-700 dark:text-white focus:outline-none focus:ring-2 focus:ring-purple-500\"\u001b[39m\n                \u001b[33mid\u001b[39m=\u001b[32m\"password\"\u001b[39m\n                \u001b[33mrequired\u001b[39m=\u001b[32m\"\"\u001b[39m\n                \u001b[33mtype\u001b[39m=\u001b[32m\"password\"\u001b[39m\n                \u001b[33mvalue\u001b[39m=\u001b[32m\"wrong1\"\u001b[39m\n              \u001b[36m/>\u001b[39m\n            \u001b[36m</div>\u001b[39m\n            \u001b[36m<button\u001b[39m\n              \u001b[33mclass\u001b[39m=\u001b[32m\"w-full py-2 px-4 bg-purple-600 hover:bg-purple-700 disabled:bg-purple-400 text-white rounded-md focus:outline-none focus:ring-2 focus:ring-purple-500 focus:ring-offset-2 disabled:cursor-not-allowed transition-colors\"\u001b[39m\n              \u001b[33mtype\u001b[39m=\u001b[32m\"submit\"\u001b[39m\n            \u001b[36m>\u001b[39m\n              \u001b[0mSign In\u001b[0m\n            \u001b[36m</button>\u001b[39m\n          \u001b[36m</form>\u001b[39m\n          \u001b[36m<div\u001b[39m\n            \u001b[33mclass\u001b[39m=\u001b[32m\"mt-4 text-center text-sm text-gray-600 dark:text-gray-400\"\u001b[39m\n          \u001b[36m>\u001b[39m\n            \u001b[36m<p>\u001b[39m\n              \u001b[0mDemo credentials:\u001b[0m\n            \u001b[36m</p>\u001b[39m\n            \u001b[36m<p\u001b[39m\n              \u001b[33mclass\u001b[39m=\u001b[32m\"font-mono text-xs\"\u001b[39m\n            \u001b[36m>\u001b[39m\n              \u001b[0mEmail: demo@example.com\u001b[0m\n              \u001b[36m<br />\u001b[39m\n              \u001b[0mPassword: demo123\u001b[0m\n            \u001b[36m</p>\u001b[39m\n          \u001b[36m</div>\u001b[39m\n        \u001b[36m</div>\u001b[39m\n      \u001b[36m</div>\u001b[39m\n    \u001b[36m</div>\u001b[39m\n  \u001b[36m</body>\u001b[39m\n\u001b[36m</html>\u001b[39m\n    at C:\\playground\\AI\\TAURI\\todo2\\src\\components\\__tests__\\LoginForm.e2e.persistence.test.tsx:148:38\n    at runWithExpensiveErrorDiagnosticsDisabled (C:\\playground\\AI\\TAURI\\todo2\\node_modules\\@testing-library\\dom\\dist\\config.js:47:12)\n    at checkCallback (C:\\playground\\AI\\TAURI\\todo2\\node_modules\\@testing-library\\dom\\dist\\wait-for.js:124:77)\n    at Timeout.checkRealTimersCallback (C:\\playground\\AI\\TAURI\\todo2\\node_modules\\@testing-library\\dom\\dist\\wait-for.js:118:16)\n    at listOnTimeout (node:internal/timers:588:17)\n    at processTimers (node:internal/timers:523:7)"],"meta":{}},{"ancestorTitles":["LoginForm E2E Persistence Tests","Security State Persistence Across Application Restarts"],"fullName":"LoginForm E2E Persistence Tests Security State Persistence Across Application Restarts should persist lockout state across app restarts","status":"failed","title":"should persist lockout state across app restarts","duration":1137.4967000000006,"failureMessages":["AssertionError: expected \"spy\" to be called 2 times, but got 1 times\n\nIgnored nodes: comments, script, style\n\u001b[36m<html>\u001b[39m\n  \u001b[36m<head />\u001b[39m\n  \u001b[36m<body>\u001b[39m\n    \u001b[36m<div>\u001b[39m\n      \u001b[36m<div\u001b[39m\n        \u001b[33mclass\u001b[39m=\u001b[32m\"min-h-screen flex items-center justify-center bg-gradient-to-br from-purple-50 dark:from-gray-900 to-blue-50 dark:to-gray-800\"\u001b[39m\n      \u001b[36m>\u001b[39m\n        \u001b[36m<div\u001b[39m\n          \u001b[33mclass\u001b[39m=\u001b[32m\"bg-white dark:bg-gray-800 p-8 rounded-lg shadow-lg w-full max-w-md\"\u001b[39m\n        \u001b[36m>\u001b[39m\n          \u001b[36m<h2\u001b[39m\n            \u001b[33mclass\u001b[39m=\u001b[32m\"text-2xl font-bold mb-6 text-gray-900 dark:text-white\"\u001b[39m\n          \u001b[36m>\u001b[39m\n            \u001b[0mSign In\u001b[0m\n          \u001b[36m</h2>\u001b[39m\n          \u001b[36m<div\u001b[39m\n            \u001b[33mclass\u001b[39m=\u001b[32m\"mb-4 p-3 bg-red-50 dark:bg-red-900/50 border border-red-200 dark:border-red-800 rounded text-red-600 dark:text-red-400 text-sm\"\u001b[39m\n          \u001b[36m>\u001b[39m\n            \u001b[0mAuthentication failed. Please check your credentials and try again.\u001b[0m\n          \u001b[36m</div>\u001b[39m\n          \u001b[36m<div\u001b[39m\n            \u001b[33mclass\u001b[39m=\u001b[32m\"mb-4 p-3 bg-orange-50 dark:bg-orange-900/50 border border-orange-200 dark:border-orange-800 rounded text-orange-700 dark:text-orange-400 text-sm\"\u001b[39m\n          \u001b[36m>\u001b[39m\n            \u001b[0m4\u001b[0m\n            \u001b[0m attempt\u001b[0m\n            \u001b[0ms\u001b[0m\n            \u001b[0m remaining before temporary lockout\u001b[0m\n          \u001b[36m</div>\u001b[39m\n          \u001b[36m<form\u001b[39m\n            \u001b[33mclass\u001b[39m=\u001b[32m\"space-y-4\"\u001b[39m\n            \u001b[33mrole\u001b[39m=\u001b[32m\"form\"\u001b[39m\n          \u001b[36m>\u001b[39m\n            \u001b[36m<div>\u001b[39m\n              \u001b[36m<label\u001b[39m\n                \u001b[33mclass\u001b[39m=\u001b[32m\"block text-sm font-medium text-gray-700 dark:text-gray-300 mb-1\"\u001b[39m\n                \u001b[33mfor\u001b[39m=\u001b[32m\"email\"\u001b[39m\n              \u001b[36m>\u001b[39m\n                \u001b[0mEmail\u001b[0m\n              \u001b[36m</label>\u001b[39m\n              \u001b[36m<input\u001b[39m\n                \u001b[33mclass\u001b[39m=\u001b[32m\"w-full px-3 py-2 border border-gray-300 dark:border-gray-600 rounded-md shadow-sm dark:bg-gray-700 dark:text-white focus:outline-none focus:ring-2 focus:ring-purple-500\"\u001b[39m\n                \u001b[33mid\u001b[39m=\u001b[32m\"email\"\u001b[39m\n                \u001b[33mrequired\u001b[39m=\u001b[32m\"\"\u001b[39m\n                \u001b[33mtype\u001b[39m=\u001b[32m\"email\"\u001b[39m\n                \u001b[33mvalue\u001b[39m=\u001b[32m\"test@example.com\"\u001b[39m\n              \u001b[36m/>\u001b[39m\n            \u001b[36m</div>\u001b[39m\n            \u001b[36m<div>\u001b[39m\n              \u001b[36m<label\u001b[39m\n                \u001b[33mclass\u001b[39m=\u001b[32m\"block text-sm font-medium text-gray-700 dark:text-gray-300 mb-1\"\u001b[39m\n                \u001b[33mfor\u001b[39m=\u001b[32m\"password\"\u001b[39m\n              \u001b[36m>\u001b[39m\n                \u001b[0mPassword\u001b[0m\n              \u001b[36m</label>\u001b[39m\n              \u001b[36m<input\u001b[39m\n                \u001b[33mclass\u001b[39m=\u001b[32m\"w-full px-3 py-2 border border-gray-300 dark:border-gray-600 rounded-md shadow-sm dark:bg-gray-700 dark:text-white focus:outline-none focus:ring-2 focus:ring-purple-500\"\u001b[39m\n                \u001b[33mid\u001b[39m=\u001b[32m\"password\"\u001b[39m\n                \u001b[33mrequired\u001b[39m=\u001b[32m\"\"\u001b[39m\n                \u001b[33mtype\u001b[39m=\u001b[32m\"password\"\u001b[39m\n                \u001b[33mvalue\u001b[39m=\u001b[32m\"wrong1\"\u001b[39m\n              \u001b[36m/>\u001b[39m\n            \u001b[36m</div>\u001b[39m\n            \u001b[36m<button\u001b[39m\n              \u001b[33mclass\u001b[39m=\u001b[32m\"w-full py-2 px-4 bg-purple-600 hover:bg-purple-700 disabled:bg-purple-400 text-white rounded-md focus:outline-none focus:ring-2 focus:ring-purple-500 focus:ring-offset-2 disabled:cursor-not-allowed transition-colors\"\u001b[39m\n              \u001b[33mtype\u001b[39m=\u001b[32m\"submit\"\u001b[39m\n            \u001b[36m>\u001b[39m\n              \u001b[0mSign In\u001b[0m\n            \u001b[36m</button>\u001b[39m\n          \u001b[36m</form>\u001b[39m\n          \u001b[36m<div\u001b[39m\n            \u001b[33mclass\u001b[39m=\u001b[32m\"mt-4 text-center text-sm text-gray-600 dark:text-gray-400\"\u001b[39m\n          \u001b[36m>\u001b[39m\n            \u001b[36m<p>\u001b[39m\n              \u001b[0mDemo credentials:\u001b[0m\n            \u001b[36m</p>\u001b[39m\n            \u001b[36m<p\u001b[39m\n              \u001b[33mclass\u001b[39m=\u001b[32m\"font-mono text-xs\"\u001b[39m\n            \u001b[36m>\u001b[39m\n              \u001b[0mEmail: demo@example.com\u001b[0m\n              \u001b[36m<br />\u001b[39m\n              \u001b[0mPassword: demo123\u001b[0m\n            \u001b[36m</p>\u001b[39m\n          \u001b[36m</div>\u001b[39m\n        \u001b[36m</div>\u001b[39m\n      \u001b[36m</div>\u001b[39m\n    \u001b[36m</div>\u001b[39m\n  \u001b[36m</body>\u001b[39m\n\u001b[36m</html>\u001b[39m\n    at C:\\playground\\AI\\TAURI\\todo2\\src\\components\\__tests__\\LoginForm.e2e.persistence.test.tsx:208:38\n    at runWithExpensiveErrorDiagnosticsDisabled (C:\\playground\\AI\\TAURI\\todo2\\node_modules\\@testing-library\\dom\\dist\\config.js:47:12)\n    at checkCallback (C:\\playground\\AI\\TAURI\\todo2\\node_modules\\@testing-library\\dom\\dist\\wait-for.js:124:77)\n    at Timeout.checkRealTimersCallback (C:\\playground\\AI\\TAURI\\todo2\\node_modules\\@testing-library\\dom\\dist\\wait-for.js:118:16)\n    at listOnTimeout (node:internal/timers:588:17)\n    at processTimers (node:internal/timers:523:7)"],"meta":{}},{"ancestorTitles":["LoginForm E2E Persistence Tests","Security State Persistence Across Application Restarts"],"fullName":"LoginForm E2E Persistence Tests Security State Persistence Across Application Restarts should handle corrupted persistence data gracefully","status":"passed","title":"should handle corrupted persistence data gracefully","duration":16.48999999999978,"failureMessages":[],"meta":{}},{"ancestorTitles":["LoginForm E2E Persistence Tests","Security State Persistence Across Application Restarts"],"fullName":"LoginForm E2E Persistence Tests Security State Persistence Across Application Restarts should clean up expired lockout states on app restart","status":"passed","title":"should clean up expired lockout states on app restart","duration":20.492600000000493,"failureMessages":[],"meta":{}},{"ancestorTitles":["LoginForm E2E Persistence Tests","Cross-Tab Synchronization"],"fullName":"LoginForm E2E Persistence Tests Cross-Tab Synchronization should synchronize security state across multiple tabs","status":"passed","title":"should synchronize security state across multiple tabs","duration":72.54739999999947,"failureMessages":[],"meta":{}},{"ancestorTitles":["LoginForm E2E Persistence Tests","Cross-Tab Synchronization"],"fullName":"LoginForm E2E Persistence Tests Cross-Tab Synchronization should handle storage events for real-time synchronization","status":"passed","title":"should handle storage events for real-time synchronization","duration":36.45839999999953,"failureMessages":[],"meta":{}},{"ancestorTitles":["LoginForm E2E Persistence Tests","Cross-Tab Synchronization"],"fullName":"LoginForm E2E Persistence Tests Cross-Tab Synchronization should prevent race conditions in cross-tab updates","status":"passed","title":"should prevent race conditions in cross-tab updates","duration":4.726700000000164,"failureMessages":[],"meta":{}},{"ancestorTitles":["LoginForm E2E Persistence Tests","Browser Session Management"],"fullName":"LoginForm E2E Persistence Tests Browser Session Management should maintain security state within br
[...]
I/TAURI/todo2/src/utils/__tests__/securityMonitor.test.ts"},{"assertionResults":[{"ancestorTitles":["SecurityStateManager","getSecurityState"],"fullName":"SecurityStateManager getSecurityState should return null for non-existent state","status":"passed","title":"should return null for non-existent state","duration":10.771600000000035,"failureMessages":[],"meta":{}},{"ancestorTitles":["SecurityStateManager","getSecurityState"],"fullName":"SecurityStateManager getSecurityState should return valid security state","status":"passed","title":"should return valid security state","duration":5.918599999999969,"failureMessages":[],"meta":{}},{"ancestorTitles":["SecurityStateManager","getSecurityState"],"fullName":"SecurityStateManager getSecurityState should remove and return null for invalid state","status":"passed","title":"should remove and return null for invalid state","duration":7.071199999999408,"failureMessages":[],"meta":{}},{"ancestorTitles":["SecurityStateManager","getSecurityState"],"fullName":"SecurityStateManager getSecurityState should remove and return null for expired state","status":"passed","title":"should remove and return null for expired state","duration":1.8539999999993597,"failureMessages":[],"meta":{}},{"ancestorTitles":["SecurityStateManager","getSecurityState"],"fullName":"SecurityStateManager getSecurityState should handle storage errors gracefully","status":"passed","title":"should handle storage errors gracefully","duration":16.590700000000652,"failureMessages":[],"meta":{}},{"ancestorTitles":["SecurityStateManager","setSecurityState"],"fullName":"SecurityStateManager setSecurityState should store new security state","status":"passed","title":"should store new security state","duration":18.86110000000008,"failureMessages":[],"meta":{}},{"ancestorTitles":["SecurityStateManager","setSecurityState"],"fullName":"SecurityStateManager setSecurityState should update existing security state","status":"passed","title":"should update existing security state","duration":4.328700000000026,"failureMessages":[],"meta":{}},{"ancestorTitles":["SecurityStateManager","setSecurityState"],"fullName":"SecurityStateManager setSecurityState should preserve createdAt timestamp when updating","status":"passed","title":"should preserve createdAt timestamp when updating","duration":6.169600000000173,"failureMessages":[],"meta":{}},{"ancestorTitles":["SecurityStateManager","setSecurityState"],"fullName":"SecurityStateManager setSecurityState should reject invalid state data","status":"passed","title":"should reject invalid state data","duration":9.47019999999975,"failureMessages":[],"meta":{}},{"ancestorTitles":["SecurityStateManager","setSecurityState"],"fullName":"SecurityStateManager setSecurityState should handle storage errors","status":"passed","title":"should handle storage errors","duration":3.5999999999994543,"failureMessages":[],"meta":{}},{"ancestorTitles":["SecurityStateManager","clearSecurityState"],"fullName":"SecurityStateManager clearSecurityState should remove security state from storage","status":"passed","title":"should remove security state from storage","duration":2.2971000000006825,"failureMessages":[],"meta":{}},{"ancestorTitles":["SecurityStateManager","clearSecurityState"],"fullName":"SecurityStateManager clearSecurityState should handle storage errors","status":"passed","title":"should handle storage errors","duration":6.626999999999498,"failureMessages":[],"meta":{}},{"ancestorTitles":["SecurityStateManager","getAllSecurityStates"],"fullName":"SecurityStateManager getAllSecurityStates should return all valid security states","status":"passed","title":"should return all valid security states","duration":4.3903999999993175,"failureMessages":[],"meta":{}},{"ancestorTitles":["SecurityStateManager","getAllSecurityStates"],"fullName":"SecurityStateManager getAllSecurityStates should filter out invalid and expired states","status":"passed","title":"should filter out invalid and expired states","duration":2.2529999999997017,"failureMessages":[],"meta":{}},{"ancestorTitles":["SecurityStateManager","getAllSecurityStates"],"fullName":"SecurityStateManager getAllSecurityStates should handle storage errors gracefully","status":"passed","title":"should handle storage errors gracefully","duration":3.9627999999993335,"failureMessages":[],"meta":{}},{"ancestorTitles":["SecurityStateManager","validateState"],"fullName":"SecurityStateManager validateState should validate correct state structure","status":"passed","title":"should validate correct state structure","duration":2.5694000000003143,"failureMessages":[],"meta":{}},{"ancestorTitles":["SecurityStateManager","validateState"],"fullName":"SecurityStateManager validateState should reject invalid state structure","status":"passed","title":"should reject invalid state structure","duration":1.8672999999998865,"failureMessages":[],"meta":{}},{"ancestorTitles":["SecurityStateManager","validateState"],"fullName":"SecurityStateManager validateState should reject negative failed attempts","status":"passed","title":"should reject negative failed attempts","duration":2.445400000000518,"failureMessages":[],"meta":{}},{"ancestorTitles":["SecurityStateManager","validateState"],"fullName":"SecurityStateManager validateState should reject excessive lockout times","status":"passed","title":"should reject excessive lockout times","duration":2.16150000000016,"failureMessages":[],"meta":{}},{"ancestorTitles":["SecurityStateManager","validateState"],"fullName":"SecurityStateManager validateState should reject inconsistent timestamps","status":"passed","title":"should reject inconsistent timestamps","duration":1.8774999999995998,"failureMessages":[],"meta":{}},{"ancestorTitles":["SecurityStateManager","validateState"],"fullName":"SecurityStateManager validateState should provide corrected state for partially valid data","status":"passed","title":"should provide corrected state for partially valid data","duration":2.266599999999926,"failureMessages":[],"meta":{}},{"ancestorTitles":["SecurityStateManager","cleanupExpiredStates"],"fullName":"SecurityStateManager cleanupExpiredStates should remove expired states","status":"passed","title":"should remove expired states","duration":2.6804999999994834,"failureMessages":[],"meta":{}},{"ancestorTitles":["SecurityStateManager","cleanupExpiredStates"],"fullName":"SecurityStateManager cleanupExpiredStates should handle cleanup errors gracefully","status":"passed","title":"should handle cleanup errors gracefully","duration":2.3209999999999127,"failureMessages":[],"meta":{}},{"ancestorTitles":["SecurityStateManager","state change listeners"],"fullName":"SecurityStateManager state change listeners should add and notify state change listeners","status":"passed","title":"should add and notify state change listeners","duration":8.304000000000087,"failureMessages":[],"meta":{}},{"ancestorTitles":["SecurityStateManager","state change listeners"],"fullName":"SecurityStateManager state change listeners should remove state change listeners","status":"passed","title":"should remove state change listeners","duration":2.619699999999284,"failureMessages":[],"meta":{}},{"ancestorTitles":["SecurityStateManager","state change listeners"],"fullName":"SecurityStateManager state change listeners should handle listener errors gracefully","status":"passed","title":"should handle listener errors gracefully","duration":5.983999999999469,"failureMessages":[],"meta":{}},{"ancestorTitles":["SecurityStateManager","configuration management"],"fullName":"SecurityStateManager configuration management should return current configuration","status":"passed","title":"should return current configuration","duration":5.154399999999441,"failureMessages":[],"meta":{}},{"ancestorTitles":["SecurityStateManager","configuration management"],"fullName":"SecurityStateManager configuration management should update configuration","status":"passed","title":"should update configuration","duration":3.8733000000001994,"failureMessages":[],"meta":{}},{"ancestorTitles":["SecurityStateManager","statistics"],"fullName":"SecurityStateManager statistics should return correct statistics","status":"passed","title":"should return correct statistics","duration":4.545600000000377,"failureMessages":[],"meta":{}},{"ancestorTitles":["SecurityStateManager","statistics"],"fullName":"SecurityStateManager statistics should handle statistics errors gracefully","status":"passed","title":"should handle statistics errors gracefully","duration":2.656500000000051,"failureMessages":[],"meta":{}},{"ancestorTitles":["SecurityStateManager","automatic cleanup and sync"],"fullName":"SecurityStateManager automatic cleanup and sync should start automatic cleanup timer","status":"passed","title":"should start automatic cleanup timer","duration":3.7570999999998094,"failureMessages":[],"meta":{}},{"ancestorTitles":["SecurityStateManager","automatic cleanup and sync"],"fullName":"SecurityStateManager automatic cleanup and sync should start cross-tab sync timer","status":"passed","title":"should start cross-tab sync timer","duration":2.1387000000004264,"failureMessages":[],"meta":{}},{"ancestorTitles":["SecurityStateManager","automatic cleanup and sync"],"fullName":"SecurityStateManager automatic cleanup and sync should setup storage event listener","status":"passed","title":"should setup storage event listener","duration":6.050799999999981,"failureMessages":[],"meta":{}},{"ancestorTitles":["SecurityStateManager","automatic cleanup and sync"],"fullName":"SecurityStateManager automatic cleanup and sync should setup beforeunload handler","status":"passed","title":"should setup beforeunload handler","duration":3.227299999999559,"failureMessages":[],"meta":{}},{"ancestorTitles":["SecurityStateManager","automatic cleanup and sync"],"fullName":"SecurityStateManager automatic cleanup and sync should cleanup timers on cleanup","status":"passed","title":"should cleanup timers on cleanup","duration":2.9255999999995765,"failureMessages":[],"meta":{}},{"ancestorTitles":["SecurityStateManager","storage key management"],"fullName":"SecurityStateManager storage key management should generate consistent storage keys","status":"passed","title":"should generate consistent storage keys","duration":4.457300000000032,"failureMessages":[],"meta":{}},{"ancestorTitles":["SecurityStateManager","storage key management"],"fullName":"SecurityStateManager storage key management should generate different keys for different identifiers","status":"passed","title":"should generate different keys for different identifiers","duration":2.918499999999767,"failureMessages":[],"meta":{}}],"startTime":1771435352660,"endTime":1771435352850.9185,"status":"passed","message":"","name":"C:/playground/AI/TAURI/todo2/src/utils/__tests__/securityStateManager.test.ts"},{"assertionResults":[{"ancestorTitles":["Simple Classification Test"],"fullName":"Simple Classification Test should classify invalid credentials","status":"passed","title":"should classify invalid credentials","duration":2.270100000000184,"failureMessages":[],"meta":{}}],"startTime":1771435368324,"endTime":1771435368326.27,"status":"passed","message":"","name":"C:/playground/AI/TAURI/todo2/src/utils/__tests__/simple_classify.test.ts"},{"assertionResults":[{"ancestorTitles":["SupabaseSecurityAnalyzer","Configuration Analysis"],"fullName":"SupabaseSecurityAnalyzer Configuration Analysis should detect missing Supabase URL","status":"passed","title":"should detect missing Supabase URL","duration":11.865099999999984,"failureMessages":[],"meta":{}},{"ancestorTitles":["SupabaseSecurityAnalyzer","Configuration Analysis"],"fullName":"SupabaseSecurityAnalyzer Configuration Analysis should detect missing anonymous key","status":"passed","title":"should detect missing anonymous key","duration":4.056700000000092,"failureMessages":[],"meta":{}},{"ancestorTitles":["SupabaseSecurityAnalyzer","Configuration Analysis"],"fullName":"SupabaseSecurityAnalyzer Configuration Analysis should detect development URL in production","status":"passed","title":"should detect development URL in production","duration":5.088600000000042,"failureMessages":[],"meta":{}},{"ancestorTitles":["SupabaseSecurityAnalyzer","Configuration Analysis"],"fullName":"SupabaseSecurityAnalyzer Configuration Analysis should note session persistence configuration","status":"passed","title":"should note session persistence configuration","duration":4.744900000000143,"failureMessages":[],"meta":{}},{"ancestorTitles":["SupabaseSecurityAnalyzer","Token Analysis"],"fullName":"SupabaseSecurityAnalyzer Token Analysis should handle no active session","status":"passed","title":"should handle no active session","duration":6.13819999999987,"failureMessages":[],"meta":{}},{"ancestorTitles":["SupabaseSecurityAnalyzer","Token Analysis"],"fullName":"SupabaseSecurityAnalyzer Token Analysis should analyze valid JWT token","status":"passed","title":"should analyze valid JWT token","duration":5.915199999999913,"failureMessages":[],"meta":{}},{"ancestorTitles":["SupabaseSecurityAnalyzer","Token Analysis"],"fullName":"SupabaseSecurityAnalyzer Token Analysis should detect expired JWT token","status":"passed","title":"should detect expired JWT token","duration":2.573399999999765,"failureMessages":[],"meta":{}},{"ancestorTitles":["SupabaseSecurityAnalyzer","Token Analysis"],"fullName":"SupabaseSecurityAnalyzer Token Analysis should detect token near expiry","status":"passed","title":"should detect token near expiry","duration":3.546599999999671,"failureMessages":[],"meta":{}},{"ancestorTitles":["SupabaseSecurityAnalyzer","Token Analysis"],"fullName":"SupabaseSecurityAnalyzer Token Analysis should detect sensitive data in JWT claims","status":"passed","title":"should detect sensitive data in JWT claims","duration":10.796899999999823,"failureMessages":[],"meta":{}},{"ancestorTitles":["SupabaseSecurityAnalyzer","Token Analysis"],"fullName":"SupabaseSecurityAnalyzer Token Analysis should detect invalid JWT structure","status":"passed","title":"should detect invalid JWT structure","duration":2.940099999999802,"failureMessages":[],"meta":{}},{"ancestorTitles":["SupabaseSecurityAnalyzer","Token Analysis"],"fullName":"SupabaseSecurityAnalyzer Token Analysis should detect missing refresh token","status":"passed","title":"should detect missing refresh token","duration":3.1397000000001754,"failureMessages":[],"meta":{}},{"ancestorTitles":["SupabaseSecurityAnalyzer","Authentication Flow Testing"],"fullName":"SupabaseSecurityAnalyzer Authentication Flow Testing should detect sign out errors","status":"passed","title":"should detect sign out errors","duration":1.7965000000003783,"failureMessages":[],"meta":{}},{"ancestorTitles":["SupabaseSecurityAnalyzer","Authentication Flow Testing"],"fullName":"SupabaseSecurityAnalyzer Authentication Flow Testing should detect token refresh errors","status":"passed","title":"should detect token refresh errors","duration":1.9128000000000611,"failureMessages":[],"meta":{}},{"ancestorTitles":["SupabaseSecurityAnalyzer","Risk Assessment"],"fullName":"SupabaseSecurityAnalyzer Risk Assessment should calculate critical risk for critical findings","status":"passed","title":"should calculate critical risk for critical findings","duration":1.9980000000000473,"failureMessages":[],"meta":{}},{"ancestorTitles":["SupabaseSecurityAnalyzer","Risk Assessment"],"fullName":"SupabaseSecurityAnalyzer Risk Assessment should calculate low risk for minimal findings","status":"passed","title":"should calculate low risk for minimal findings","duration":2.3825999999999112,"failureMessages":[],"meta":{}},{"ancestorTitles":["SupabaseSecurityAnalyzer","Report Generation"],"fullName":"SupabaseSecurityAnalyzer Report Generation should generate comprehensive report","status":"passed","title":"should generate comprehensive report","duration":4.681799999999839,"failureMessages":[],"meta":{}},{"ancestorTitles":["SupabaseSecurityAnalyzer","Report Generation"],"fullName":"SupabaseSecurityAnalyzer Report Generation should include finding details in report","status":"failed","title":"should include finding details in report","duration":64.39930000000004,"failureMessages":["AssertionError: expected '# Supabase Authentication Security AnΓÇª' to contain 'CRITICAL SEVERITY FINDINGS'\n    at C:\\playground\\AI\\TAURI\\todo2\\src\\utils\\__tests__\\supabaseSecurityAnalyzer.test.ts:364:22\n    at processTicksAndRejections (node:internal/process/task_queues:105:5)\n    at file:///C:/playground/AI/TAURI/todo2/node_modules/@vitest/runner/dist/index.js:558:22"],"meta":{}},{"ancestorTitles":["SupabaseSecurityAnalyzer","Convenience Functions"],"fullName":"SupabaseSecurityAnalyzer Convenience Functions should export analyzeSupabaseAuthSecurity function","status":"passed","title":"should export analyzeSupabaseAuthSecurity function","duration":2.66170000000011,"failureMessages":[],"meta":{}},{"ancestorTitles":["Error Handling"],"fullName":"Error Handling should handle session retrieval errors gracefully","status":"passed","title":"should handle session retrieval errors gracefully","duration":2.1979999999998654,"failureMessages":[],"meta":{}},{"ancestorTitles":["Error Handling"],"fullName":"Error Handling should handle JWT parsing errors","status":"passed","title":"should handle JWT parsing errors","duration":1.8117999999999483,"failureMessages":[],"meta":{}},{"ancestorTitles":["Error Handling"],"fullName":"Error Handling should handle authentication flow test errors","status":"passed","title":"should handle authentication flow test errors","duration":3.4385000000002037,"failureMessages":[],"meta":{}}],"startTime":1771435357095,"endTime":1771435357247.4385,"status":"failed","message":"","name":"C:/playground/AI/TAURI/todo2/src/utils/__tests__/supabaseSecurityAnalyzer.test.ts"},{"assertionResults":[{"ancestorTitles":["Supabase Security Integration Tests"],"fullName":"Supabase Security Integration Tests should perform complete security analysis","status":"passed","title":"should perform complete security analysis","duration":14.483400000000074,"failureMessages":[],"meta":{}},{"ancestorTitles":["Supabase Security Integration Tests"],"fullName":"Supabase Security Integration Tests should generate comprehensive security report","status":"passed","title":"should generate comprehensive security report","duration":5.412000000000262,"failureMessages":[],"meta":{}},{"ancestorTitles":["Supabase Security Integration Tests"],"fullName":"Supabase Security Integration Tests should validate Supabase client configuration","status":"passed","title":"should validate Supabase client configuration","duration":0.7867000000005646,"failureMessages":[],"meta":{}},{"ancestorTitles":["Supabase Security Integration Tests"],"fullName":"Supabase Security Integration Tests should handle environment variable validation","status":"passed","title":"should handle environment variable validation","duration":0.6511000000000422,"failureMessages":[],"meta":{}},{"ancestorTitles":["Supabase Security Integration Tests"],"fullName":"Supabase Security Integration Tests should test authentication flow security","status":"passed","title":"should test authentication flow security","duration":3.8636999999998807,"failureMessages":[],"meta":{}},{"ancestorTitles":["Supabase Security Integration Tests"],"fullName":"Supabase Security Integration Tests should validate security findings format","status":"passed","title":"should validate security findings format","duration":12.84809999999925,"failureMessages":[],"meta":{}},{"ancestorTitles":["Supabase Security Integration Tests"],"fullName":"Supabase Security Integration Tests should provide actionable recommendations","status":"passed","title":"should provide actionable recommendations","duration":4.0692999999992026,"failureMessages":[],"meta":{}}],"startTime":1771435365166,"endTime":1771435365210.0693,"status":"passed","message":"","name":"C:/playground/AI/TAURI/todo2/src/utils/__tests__/supabaseSecurityIntegration.test.ts"}]}
